[Fri Oct  3 05:34:14 PM CEST 2025] Vérification en cours (NOW=1759505654)
[Fri Oct  3 05:34:14 PM CEST 2025] Tâches candidates :
[Fri Oct  3 05:34:15 PM CEST 2025] Aucune tâche à réinitialiser
[Fri Oct  3 05:34:15 PM CEST 2025] Vérification en cours (NOW=1759505655)
[Fri Oct  3 05:34:15 PM CEST 2025] Tâches candidates :
[Fri Oct  3 05:34:15 PM CEST 2025] Aucune tâche à réinitialiser
[Fri Oct  3 05:34:35 PM CEST 2025] Vérification en cours (NOW=1759505675)
[Fri Oct  3 05:34:35 PM CEST 2025] Tâches candidates :
[Fri Oct  3 05:34:35 PM CEST 2025] Aucune tâche à réinitialiser
[Fri Oct  3 05:34:35 PM CEST 2025] Vérification en cours (NOW=1759505675)
[Fri Oct  3 05:34:35 PM CEST 2025] Tâches candidates :
[Fri Oct  3 05:34:35 PM CEST 2025] Aucune tâche à réinitialiser
[Fri Oct  3 05:34:55 PM CEST 2025] Vérification en cours (NOW=1759505695)
[Fri Oct  3 05:34:55 PM CEST 2025] Tâches candidates :
[Fri Oct  3 05:34:55 PM CEST 2025] Aucune tâche à réinitialiser
[Fri Oct  3 05:34:55 PM CEST 2025] Vérification en cours (NOW=1759505695)
[Fri Oct  3 05:34:55 PM CEST 2025] Tâches candidates :
[Fri Oct  3 05:34:55 PM CEST 2025] Aucune tâche à réinitialiser
[Fri Oct  3 05:35:15 PM CEST 2025] Vérification en cours (NOW=1759505715)
[Fri Oct  3 05:35:15 PM CEST 2025] Tâches candidates :
[Fri Oct  3 05:35:15 PM CEST 2025] Aucune tâche à réinitialiser
[Fri Oct  3 05:35:15 PM CEST 2025] Vérification en cours (NOW=1759505715)
[Fri Oct  3 05:35:15 PM CEST 2025] Tâches candidates :
[Fri Oct  3 05:35:15 PM CEST 2025] Aucune tâche à réinitialiser
[Fri Oct  3 05:35:35 PM CEST 2025] Vérification en cours (NOW=1759505735)
[Fri Oct  3 05:35:35 PM CEST 2025] Tâches candidates :
[Fri Oct  3 05:35:35 PM CEST 2025] Aucune tâche à réinitialiser
[Fri Oct  3 05:35:35 PM CEST 2025] Vérification en cours (NOW=1759505735)
[Fri Oct  3 05:35:35 PM CEST 2025] Tâches candidates :
[Fri Oct  3 05:35:35 PM CEST 2025] Aucune tâche à réinitialiser
[Fri Oct  3 05:35:55 PM CEST 2025] Vérification en cours (NOW=1759505755)
[Fri Oct  3 05:35:55 PM CEST 2025] Tâches candidates :
[Fri Oct  3 05:35:55 PM CEST 2025] Aucune tâche à réinitialiser
[Fri Oct  3 05:35:55 PM CEST 2025] Vérification en cours (NOW=1759505755)
[Fri Oct  3 05:35:55 PM CEST 2025] Tâches candidates :
[Fri Oct  3 05:35:55 PM CEST 2025] Aucune tâche à réinitialiser
[Fri Oct  3 05:36:15 PM CEST 2025] Vérification en cours (NOW=1759505775)
[Fri Oct  3 05:36:15 PM CEST 2025] Tâches candidates :
[Fri Oct  3 05:36:15 PM CEST 2025] Aucune tâche à réinitialiser
[Fri Oct  3 05:36:15 PM CEST 2025] Vérification en cours (NOW=1759505775)
[Fri Oct  3 05:36:15 PM CEST 2025] Tâches candidates :
[Fri Oct  3 05:36:15 PM CEST 2025] Aucune tâche à réinitialiser
[Fri Oct  3 05:38:35 PM CEST 2025] Vérification en cours (NOW=1759505915)
[Fri Oct  3 05:38:35 PM CEST 2025] Tâches candidates :
f417bcc3-1a5c-4a62-bcbc-ccf3022c19fe,1759505794
[Fri Oct  3 05:38:35 PM CEST 2025] Tâche f417bcc3-1a5c-4a62-bcbc-ccf3022c19fe réinitialisée (age=121 s)
[Fri Oct  3 05:38:35 PM CEST 2025] Vérification en cours (NOW=1759505915)
[Fri Oct  3 05:38:35 PM CEST 2025] Tâches candidates :
[Fri Oct  3 05:38:35 PM CEST 2025] Aucune tâche à réinitialiser
[Fri Oct  3 05:38:55 PM CEST 2025] Vérification en cours (NOW=1759505935)
[Fri Oct  3 05:38:55 PM CEST 2025] Tâches candidates :
[Fri Oct  3 05:38:55 PM CEST 2025] Aucune tâche à réinitialiser
[Fri Oct  3 05:38:55 PM CEST 2025] Vérification en cours (NOW=1759505935)
[Fri Oct  3 05:38:55 PM CEST 2025] Tâches candidates :
[Fri Oct  3 05:38:55 PM CEST 2025] Aucune tâche à réinitialiser
[Fri Oct  3 05:39:15 PM CEST 2025] Vérification en cours (NOW=1759505955)
[Fri Oct  3 05:39:15 PM CEST 2025] Tâches candidates :
[Fri Oct  3 05:39:15 PM CEST 2025] Aucune tâche à réinitialiser
[Fri Oct  3 05:39:15 PM CEST 2025] Vérification en cours (NOW=1759505955)
[Fri Oct  3 05:39:15 PM CEST 2025] Tâches candidates :
[Fri Oct  3 05:39:15 PM CEST 2025] Aucune tâche à réinitialiser
[Fri Oct  3 05:39:35 PM CEST 2025] Vérification en cours (NOW=1759505975)
[Fri Oct  3 05:39:35 PM CEST 2025] Tâches candidates :
[Fri Oct  3 05:39:35 PM CEST 2025] Aucune tâche à réinitialiser
[Fri Oct  3 05:39:35 PM CEST 2025] Vérification en cours (NOW=1759505975)
[Fri Oct  3 05:39:35 PM CEST 2025] Tâches candidates :
[Fri Oct  3 05:39:35 PM CEST 2025] Aucune tâche à réinitialiser
[Fri Oct  3 05:39:55 PM CEST 2025] Vérification en cours (NOW=1759505995)
[Fri Oct  3 05:39:55 PM CEST 2025] Tâches candidates :
[Fri Oct  3 05:39:55 PM CEST 2025] Aucune tâche à réinitialiser
[Fri Oct  3 05:39:55 PM CEST 2025] Vérification en cours (NOW=1759505995)
[Fri Oct  3 05:39:55 PM CEST 2025] Tâches candidates :
[Fri Oct  3 05:39:55 PM CEST 2025] Aucune tâche à réinitialiser
[Fri Oct  3 05:40:15 PM CEST 2025] Vérification en cours (NOW=1759506015)
[Fri Oct  3 05:40:15 PM CEST 2025] Tâches candidates :
[Fri Oct  3 05:40:15 PM CEST 2025] Aucune tâche à réinitialiser
[Fri Oct  3 05:40:16 PM CEST 2025] Vérification en cours (NOW=1759506016)
[Fri Oct  3 05:40:16 PM CEST 2025] Tâches candidates :
[Fri Oct  3 05:40:16 PM CEST 2025] Aucune tâche à réinitialiser
[Fri Oct  3 05:40:35 PM CEST 2025] Vérification en cours (NOW=1759506035)
[Fri Oct  3 05:40:35 PM CEST 2025] Tâches candidates :
[Fri Oct  3 05:40:35 PM CEST 2025] Aucune tâche à réinitialiser
[Fri Oct  3 05:40:36 PM CEST 2025] Vérification en cours (NOW=1759506036)
[Fri Oct  3 05:40:36 PM CEST 2025] Tâches candidates :
[Fri Oct  3 05:40:36 PM CEST 2025] Aucune tâche à réinitialiser
[Fri Oct  3 05:40:55 PM CEST 2025] Vérification en cours (NOW=1759506055)
[Fri Oct  3 05:40:55 PM CEST 2025] Tâches candidates :
[Fri Oct  3 05:40:55 PM CEST 2025] Aucune tâche à réinitialiser
[Fri Oct  3 05:40:56 PM CEST 2025] Vérification en cours (NOW=1759506056)
[Fri Oct  3 05:40:56 PM CEST 2025] Tâches candidates :
[Fri Oct  3 05:40:56 PM CEST 2025] Aucune tâche à réinitialiser
[Fri Oct  3 05:41:15 PM CEST 2025] Vérification en cours (NOW=1759506075)
[Fri Oct  3 05:41:15 PM CEST 2025] Tâches candidates :
[Fri Oct  3 05:41:15 PM CEST 2025] Aucune tâche à réinitialiser
[Fri Oct  3 05:41:16 PM CEST 2025] Vérification en cours (NOW=1759506076)
[Fri Oct  3 05:41:16 PM CEST 2025] Tâches candidates :
[Fri Oct  3 05:41:16 PM CEST 2025] Aucune tâche à réinitialiser
[Fri Oct  3 05:41:35 PM CEST 2025] Vérification en cours (NOW=1759506095)
[Fri Oct  3 05:41:35 PM CEST 2025] Tâches candidates :
[Fri Oct  3 05:41:35 PM CEST 2025] Aucune tâche à réinitialiser
[Fri Oct  3 05:41:36 PM CEST 2025] Vérification en cours (NOW=1759506096)
[Fri Oct  3 05:41:36 PM CEST 2025] Tâches candidates :
[Fri Oct  3 05:41:36 PM CEST 2025] Aucune tâche à réinitialiser
[Fri Oct  3 05:41:55 PM CEST 2025] Vérification en cours (NOW=1759506115)
[Fri Oct  3 05:41:56 PM CEST 2025] Tâches candidates :
[Fri Oct  3 05:41:56 PM CEST 2025] Aucune tâche à réinitialiser
[Fri Oct  3 05:41:56 PM CEST 2025] Vérification en cours (NOW=1759506116)
[Fri Oct  3 05:41:56 PM CEST 2025] Tâches candidates :
[Fri Oct  3 05:41:56 PM CEST 2025] Aucune tâche à réinitialiser
[Fri Oct  3 05:42:16 PM CEST 2025] Vérification en cours (NOW=1759506136)
[Fri Oct  3 05:42:16 PM CEST 2025] Tâches candidates :
[Fri Oct  3 05:42:16 PM CEST 2025] Aucune tâche à réinitialiser
[Fri Oct  3 05:42:16 PM CEST 2025] Vérification en cours (NOW=1759506136)
[Fri Oct  3 05:42:16 PM CEST 2025] Tâches candidates :
[Fri Oct  3 05:42:16 PM CEST 2025] Aucune tâche à réinitialiser
[Fri Oct  3 05:42:36 PM CEST 2025] Vérification en cours (NOW=1759506156)
[Fri Oct  3 05:42:36 PM CEST 2025] Tâches candidates :
[Fri Oct  3 05:42:36 PM CEST 2025] Aucune tâche à réinitialiser
[Fri Oct  3 05:42:36 PM CEST 2025] Vérification en cours (NOW=1759506156)
[Fri Oct  3 05:42:36 PM CEST 2025] Tâches candidates :
[Fri Oct  3 05:42:36 PM CEST 2025] Aucune tâche à réinitialiser
[Fri Oct  3 05:42:56 PM CEST 2025] Vérification en cours (NOW=1759506176)
[Fri Oct  3 05:42:56 PM CEST 2025] Tâches candidates :
[Fri Oct  3 05:42:56 PM CEST 2025] Aucune tâche à réinitialiser
[Fri Oct  3 05:42:56 PM CEST 2025] Vérification en cours (NOW=1759506176)
[Fri Oct  3 05:42:56 PM CEST 2025] Tâches candidates :
[Fri Oct  3 05:42:56 PM CEST 2025] Aucune tâche à réinitialiser
[Fri Oct  3 05:43:16 PM CEST 2025] Vérification en cours (NOW=1759506196)
[Fri Oct  3 05:43:16 PM CEST 2025] Tâches candidates :
[Fri Oct  3 05:43:16 PM CEST 2025] Aucune tâche à réinitialiser
[Fri Oct  3 05:43:16 PM CEST 2025] Vérification en cours (NOW=1759506196)
[Fri Oct  3 05:43:16 PM CEST 2025] Tâches candidates :
[Fri Oct  3 05:43:16 PM CEST 2025] Aucune tâche à réinitialiser
[Fri Oct  3 05:43:36 PM CEST 2025] Vérification en cours (NOW=1759506216)
[Fri Oct  3 05:43:36 PM CEST 2025] Tâches candidates :
[Fri Oct  3 05:43:36 PM CEST 2025] Aucune tâche à réinitialiser
[Fri Oct  3 05:43:36 PM CEST 2025] Vérification en cours (NOW=1759506216)
[Fri Oct  3 05:43:36 PM CEST 2025] Tâches candidates :
[Fri Oct  3 05:43:36 PM CEST 2025] Aucune tâche à réinitialiser
[Fri Oct  3 05:43:56 PM CEST 2025] Vérification en cours (NOW=1759506236)
[Fri Oct  3 05:43:56 PM CEST 2025] Tâches candidates :
[Fri Oct  3 05:43:56 PM CEST 2025] Aucune tâche à réinitialiser
[Fri Oct  3 05:43:56 PM CEST 2025] Vérification en cours (NOW=1759506236)
[Fri Oct  3 05:43:56 PM CEST 2025] Tâches candidates :
[Fri Oct  3 05:43:56 PM CEST 2025] Aucune tâche à réinitialiser
[Fri Oct  3 05:44:16 PM CEST 2025] Vérification en cours (NOW=1759506256)
[Fri Oct  3 05:44:16 PM CEST 2025] Tâches candidates :
[Fri Oct  3 05:44:16 PM CEST 2025] Aucune tâche à réinitialiser
[Fri Oct  3 05:44:16 PM CEST 2025] Vérification en cours (NOW=1759506256)
[Fri Oct  3 05:44:16 PM CEST 2025] Tâches candidates :
[Fri Oct  3 05:44:16 PM CEST 2025] Aucune tâche à réinitialiser
[Fri Oct  3 05:44:36 PM CEST 2025] Vérification en cours (NOW=1759506276)
[Fri Oct  3 05:44:36 PM CEST 2025] Tâches candidates :
[Fri Oct  3 05:44:36 PM CEST 2025] Aucune tâche à réinitialiser
[Fri Oct  3 05:44:36 PM CEST 2025] Vérification en cours (NOW=1759506276)
[Fri Oct  3 05:44:36 PM CEST 2025] Tâches candidates :
[Fri Oct  3 05:44:36 PM CEST 2025] Aucune tâche à réinitialiser
[Fri Oct  3 05:44:56 PM CEST 2025] Vérification en cours (NOW=1759506296)
[Fri Oct  3 05:44:56 PM CEST 2025] Tâches candidates :
[Fri Oct  3 05:44:56 PM CEST 2025] Aucune tâche à réinitialiser
[Fri Oct  3 05:44:56 PM CEST 2025] Vérification en cours (NOW=1759506296)
[Fri Oct  3 05:44:56 PM CEST 2025] Tâches candidates :
[Fri Oct  3 05:44:56 PM CEST 2025] Aucune tâche à réinitialiser
[Fri Oct  3 05:45:16 PM CEST 2025] Vérification en cours (NOW=1759506316)
[Fri Oct  3 05:45:16 PM CEST 2025] Tâches candidates :
[Fri Oct  3 05:45:16 PM CEST 2025] Aucune tâche à réinitialiser
[Fri Oct  3 05:45:16 PM CEST 2025] Vérification en cours (NOW=1759506316)
[Fri Oct  3 05:45:16 PM CEST 2025] Tâches candidates :
[Fri Oct  3 05:45:16 PM CEST 2025] Aucune tâche à réinitialiser
[Fri Oct  3 05:45:36 PM CEST 2025] Vérification en cours (NOW=1759506336)
[Fri Oct  3 05:45:36 PM CEST 2025] Tâches candidates :
[Fri Oct  3 05:45:36 PM CEST 2025] Aucune tâche à réinitialiser
[Fri Oct  3 05:45:36 PM CEST 2025] Vérification en cours (NOW=1759506336)
[Fri Oct  3 05:45:36 PM CEST 2025] Tâches candidates :
[Fri Oct  3 05:45:36 PM CEST 2025] Aucune tâche à réinitialiser
[Fri Oct  3 05:45:56 PM CEST 2025] Vérification en cours (NOW=1759506356)
[Fri Oct  3 05:45:56 PM CEST 2025] Tâches candidates :
[Fri Oct  3 05:45:56 PM CEST 2025] Aucune tâche à réinitialiser
[Fri Oct  3 05:45:56 PM CEST 2025] Vérification en cours (NOW=1759506356)
[Fri Oct  3 05:45:56 PM CEST 2025] Tâches candidates :
[Fri Oct  3 05:45:56 PM CEST 2025] Aucune tâche à réinitialiser
[Fri Oct  3 05:46:16 PM CEST 2025] Vérification en cours (NOW=1759506376)
[Fri Oct  3 05:46:16 PM CEST 2025] Tâches candidates :
[Fri Oct  3 05:46:16 PM CEST 2025] Aucune tâche à réinitialiser
[Fri Oct  3 05:46:16 PM CEST 2025] Vérification en cours (NOW=1759506376)
[Fri Oct  3 05:46:16 PM CEST 2025] Tâches candidates :
[Fri Oct  3 05:46:16 PM CEST 2025] Aucune tâche à réinitialiser
[Fri Oct  3 05:46:36 PM CEST 2025] Vérification en cours (NOW=1759506396)
[Fri Oct  3 05:46:36 PM CEST 2025] Tâches candidates :
[Fri Oct  3 05:46:36 PM CEST 2025] Aucune tâche à réinitialiser
[Fri Oct  3 05:46:36 PM CEST 2025] Vérification en cours (NOW=1759506396)
[Fri Oct  3 05:46:36 PM CEST 2025] Tâches candidates :
[Fri Oct  3 05:46:36 PM CEST 2025] Aucune tâche à réinitialiser
[Fri Oct  3 05:46:56 PM CEST 2025] Vérification en cours (NOW=1759506416)
[Fri Oct  3 05:46:56 PM CEST 2025] Tâches candidates :
[Fri Oct  3 05:46:56 PM CEST 2025] Aucune tâche à réinitialiser
[Fri Oct  3 05:46:56 PM CEST 2025] Vérification en cours (NOW=1759506416)
[Fri Oct  3 05:46:56 PM CEST 2025] Tâches candidates :
[Fri Oct  3 05:46:56 PM CEST 2025] Aucune tâche à réinitialiser
[Fri Oct  3 05:47:16 PM CEST 2025] Vérification en cours (NOW=1759506436)
[Fri Oct  3 05:47:16 PM CEST 2025] Tâches candidates :
[Fri Oct  3 05:47:16 PM CEST 2025] Aucune tâche à réinitialiser
[Fri Oct  3 05:47:16 PM CEST 2025] Vérification en cours (NOW=1759506436)
[Fri Oct  3 05:47:16 PM CEST 2025] Tâches candidates :
[Fri Oct  3 05:47:16 PM CEST 2025] Aucune tâche à réinitialiser
[Fri Oct  3 05:47:36 PM CEST 2025] Vérification en cours (NOW=1759506456)
[Fri Oct  3 05:47:36 PM CEST 2025] Tâches candidates :
[Fri Oct  3 05:47:36 PM CEST 2025] Aucune tâche à réinitialiser
[Fri Oct  3 05:47:36 PM CEST 2025] Vérification en cours (NOW=1759506456)
[Fri Oct  3 05:47:36 PM CEST 2025] Tâches candidates :
[Fri Oct  3 05:47:36 PM CEST 2025] Aucune tâche à réinitialiser
[Fri Oct  3 05:47:56 PM CEST 2025] Vérification en cours (NOW=1759506476)
[Fri Oct  3 05:47:56 PM CEST 2025] Tâches candidates :
[Fri Oct  3 05:47:56 PM CEST 2025] Aucune tâche à réinitialiser
[Fri Oct  3 05:47:56 PM CEST 2025] Vérification en cours (NOW=1759506476)
[Fri Oct  3 05:47:56 PM CEST 2025] Tâches candidates :
[Fri Oct  3 05:47:56 PM CEST 2025] Aucune tâche à réinitialiser
[Fri Oct  3 05:48:16 PM CEST 2025] Vérification en cours (NOW=1759506496)
[Fri Oct  3 05:48:16 PM CEST 2025] Tâches candidates :
[Fri Oct  3 05:48:16 PM CEST 2025] Aucune tâche à réinitialiser
[Fri Oct  3 05:48:16 PM CEST 2025] Vérification en cours (NOW=1759506496)
[Fri Oct  3 05:48:16 PM CEST 2025] Tâches candidates :
[Fri Oct  3 05:48:16 PM CEST 2025] Aucune tâche à réinitialiser
[Fri Oct  3 05:48:36 PM CEST 2025] Vérification en cours (NOW=1759506516)
[Fri Oct  3 05:48:36 PM CEST 2025] Tâches candidates :
[Fri Oct  3 05:48:36 PM CEST 2025] Aucune tâche à réinitialiser
[Fri Oct  3 05:48:36 PM CEST 2025] Vérification en cours (NOW=1759506516)
[Fri Oct  3 05:48:36 PM CEST 2025] Tâches candidates :
[Fri Oct  3 05:48:36 PM CEST 2025] Aucune tâche à réinitialiser
[Fri Oct  3 05:48:56 PM CEST 2025] Vérification en cours (NOW=1759506536)
[Fri Oct  3 05:48:56 PM CEST 2025] Tâches candidates :
[Fri Oct  3 05:48:56 PM CEST 2025] Aucune tâche à réinitialiser
[Fri Oct  3 05:48:56 PM CEST 2025] Vérification en cours (NOW=1759506536)
[Fri Oct  3 05:48:56 PM CEST 2025] Tâches candidates :
[Fri Oct  3 05:48:56 PM CEST 2025] Aucune tâche à réinitialiser
[Fri Oct  3 05:49:16 PM CEST 2025] Vérification en cours (NOW=1759506556)
[Fri Oct  3 05:49:16 PM CEST 2025] Tâches candidates :
[Fri Oct  3 05:49:16 PM CEST 2025] Aucune tâche à réinitialiser
[Fri Oct  3 05:49:16 PM CEST 2025] Vérification en cours (NOW=1759506556)
[Fri Oct  3 05:49:16 PM CEST 2025] Tâches candidates :
[Fri Oct  3 05:49:16 PM CEST 2025] Aucune tâche à réinitialiser
