Aucune tâche à réinitialiser à Fri Oct  3 04:35:13 PM CEST 2025
Aucune tâche à réinitialiser à Fri Oct  3 04:35:33 PM CEST 2025
Aucune tâche à réinitialiser à Fri Oct  3 04:35:53 PM CEST 2025
Aucune tâche à réinitialiser à Fri Oct  3 04:36:13 PM CEST 2025
[Fri Oct  3 04:45:01 PM CEST 2025] Aucune tâche à réinitialiser
[Fri Oct  3 04:45:21 PM CEST 2025] Aucune tâche à réinitialiser
[Fri Oct  3 04:45:41 PM CEST 2025] Aucune tâche à réinitialiser
[Fri Oct  3 04:46:01 PM CEST 2025] Aucune tâche à réinitialiser
[Fri Oct  3 04:46:21 PM CEST 2025] Aucune tâche à réinitialiser
[Fri Oct  3 04:46:41 PM CEST 2025] Aucune tâche à réinitialiser
[Fri Oct  3 04:47:01 PM CEST 2025] Aucune tâche à réinitialiser
[Fri Oct  3 04:47:21 PM CEST 2025] Aucune tâche à réinitialiser
[Fri Oct  3 04:47:41 PM CEST 2025] Aucune tâche à réinitialiser
[Fri Oct  3 04:47:56 PM CEST 2025] Aucune tâche à réinitialiser
[Fri Oct  3 04:48:16 PM CEST 2025] Aucune tâche à réinitialiser
[Fri Oct  3 04:48:36 PM CEST 2025] Aucune tâche à réinitialiser
[Fri Oct  3 04:48:56 PM CEST 2025] Aucune tâche à réinitialiser
[Fri Oct  3 04:49:16 PM CEST 2025] Aucune tâche à réinitialiser
[Fri Oct  3 04:49:36 PM CEST 2025] Aucune tâche à réinitialiser
[Fri Oct  3 04:49:56 PM CEST 2025] Aucune tâche à réinitialiser
[Fri Oct  3 04:50:16 PM CEST 2025] Aucune tâche à réinitialiser
[Fri Oct  3 04:50:36 PM CEST 2025] Aucune tâche à réinitialiser
[Fri Oct  3 04:50:56 PM CEST 2025] Aucune tâche à réinitialiser
[Fri Oct  3 04:51:16 PM CEST 2025] Aucune tâche à réinitialiser
[Fri Oct  3 04:51:36 PM CEST 2025] Aucune tâche à réinitialiser
[Fri Oct  3 04:51:56 PM CEST 2025] Aucune tâche à réinitialiser
[Fri Oct  3 04:52:08 PM CEST 2025] Aucune tâche à réinitialiser
[Fri Oct  3 04:52:28 PM CEST 2025] Aucune tâche à réinitialiser
[Fri Oct  3 04:52:48 PM CEST 2025] Aucune tâche à réinitialiser
[Fri Oct  3 04:53:08 PM CEST 2025] Aucune tâche à réinitialiser
[Fri Oct  3 04:53:28 PM CEST 2025] Aucune tâche à réinitialiser
[Fri Oct  3 04:53:48 PM CEST 2025] Aucune tâche à réinitialiser
[Fri Oct  3 04:54:08 PM CEST 2025] Aucune tâche à réinitialiser
[Fri Oct  3 04:54:28 PM CEST 2025] Aucune tâche à réinitialiser
[Fri Oct  3 04:54:48 PM CEST 2025] Aucune tâche à réinitialiser
[Fri Oct  3 04:55:08 PM CEST 2025] Aucune tâche à réinitialiser
[Fri Oct  3 04:55:28 PM CEST 2025] Aucune tâche à réinitialiser
[Fri Oct  3 04:55:48 PM CEST 2025] Aucune tâche à réinitialiser
[Fri Oct  3 04:56:08 PM CEST 2025] Aucune tâche à réinitialiser
[Fri Oct  3 04:56:28 PM CEST 2025] Aucune tâche à réinitialiser
[Fri Oct  3 04:56:48 PM CEST 2025] Aucune tâche à réinitialiser
[Fri Oct  3 04:57:08 PM CEST 2025] Aucune tâche à réinitialiser
[Fri Oct  3 04:57:28 PM CEST 2025] Aucune tâche à réinitialiser
[Fri Oct  3 04:57:48 PM CEST 2025] Aucune tâche à réinitialiser
[Fri Oct  3 04:58:08 PM CEST 2025] Aucune tâche à réinitialiser
[Fri Oct  3 04:58:28 PM CEST 2025] Aucune tâche à réinitialiser
[Fri Oct  3 04:58:48 PM CEST 2025] Aucune tâche à réinitialiser
[Fri Oct  3 04:59:08 PM CEST 2025] Aucune tâche à réinitialiser
[Fri Oct  3 04:59:11 PM CEST 2025] Aucune tâche à réinitialiser
[Fri Oct  3 04:59:31 PM CEST 2025] Aucune tâche à réinitialiser
[Fri Oct  3 04:59:51 PM CEST 2025] Aucune tâche à réinitialiser
[Fri Oct  3 05:00:11 PM CEST 2025] Aucune tâche à réinitialiser
[Fri Oct  3 05:00:31 PM CEST 2025] Aucune tâche à réinitialiser
[Fri Oct  3 05:00:51 PM CEST 2025] Aucune tâche à réinitialiser
[Fri Oct  3 05:01:11 PM CEST 2025] Aucune tâche à réinitialiser
[Fri Oct  3 05:01:31 PM CEST 2025] Aucune tâche à réinitialiser
[Fri Oct  3 05:01:51 PM CEST 2025] Aucune tâche à réinitialiser
[Fri Oct  3 05:02:11 PM CEST 2025] Aucune tâche à réinitialiser
[Fri Oct  3 05:02:31 PM CEST 2025] Aucune tâche à réinitialiser
[Fri Oct  3 05:02:51 PM CEST 2025] Aucune tâche à réinitialiser
[Fri Oct  3 05:03:11 PM CEST 2025] Aucune tâche à réinitialiser
[Fri Oct  3 05:03:32 PM CEST 2025] Aucune tâche à réinitialiser
[Fri Oct  3 05:03:52 PM CEST 2025] Aucune tâche à réinitialiser
[Fri Oct  3 05:04:12 PM CEST 2025] Aucune tâche à réinitialiser
[Fri Oct  3 05:04:32 PM CEST 2025] Aucune tâche à réinitialiser
[Fri Oct  3 05:04:52 PM CEST 2025] Aucune tâche à réinitialiser
[Fri Oct  3 05:05:12 PM CEST 2025] Aucune tâche à réinitialiser
[Fri Oct  3 05:05:32 PM CEST 2025] Aucune tâche à réinitialiser
[Fri Oct  3 05:05:52 PM CEST 2025] Aucune tâche à réinitialiser
[Fri Oct  3 05:06:12 PM CEST 2025] Aucune tâche à réinitialiser
[Fri Oct  3 05:06:32 PM CEST 2025] Aucune tâche à réinitialiser
[Fri Oct  3 05:12:00 PM CEST 2025] Format de status invalide pour a4154f1d-a7d4-4974-be6f-a754340ec881 → "2025-10-03 15:26:36"
[Fri Oct  3 05:12:00 PM CEST 2025] Format de status invalide pour 54617ce1-7e49-4edb-a2b1-2afbf11e4c87 → 1759504118
[Fri Oct  3 05:12:20 PM CEST 2025] Format de status invalide pour a4154f1d-a7d4-4974-be6f-a754340ec881 → "2025-10-03 15:26:36"
[Fri Oct  3 05:12:20 PM CEST 2025] Format de status invalide pour 54617ce1-7e49-4edb-a2b1-2afbf11e4c87 → 1759504118
[Fri Oct  3 05:18:40 PM CEST 2025] NOW_EPOCH=1759504720
[Fri Oct  3 05:18:40 PM CEST 2025] Contenu de interrupted_tasks.txt :
a4154f1d-a7d4-4974-be6f-a754340ec881,"2025-10-03 15:26:36"
54617ce1-7e49-4edb-a2b1-2afbf11e4c87,1759504118
[Fri Oct  3 05:19:06 PM CEST 2025] NOW_EPOCH=1759504746
[Fri Oct  3 05:19:06 PM CEST 2025] Contenu de interrupted_tasks.txt :
a4154f1d-a7d4-4974-be6f-a754340ec881,"2025-10-03 15:26:36"
54617ce1-7e49-4edb-a2b1-2afbf11e4c87,1759504118
[Fri Oct  3 05:20:41 PM CEST 2025] NOW_EPOCH=1759504841
[Fri Oct  3 05:20:41 PM CEST 2025] Contenu de interrupted_tasks.txt :
54617ce1-7e49-4edb-a2b1-2afbf11e4c87,1759504118
[Fri Oct  3 05:23:16 PM CEST 2025] Vérification en cours (NOW=1759504996)
[Fri Oct  3 05:23:16 PM CEST 2025] Tâches candidates :
54617ce1-7e49-4edb-a2b1-2afbf11e4c87,1759504118
[Fri Oct  3 05:23:16 PM CEST 2025] Tâche 54617ce1-7e49-4edb-a2b1-2afbf11e4c87 ignorée (status non numérique → '1759504118')
[Fri Oct  3 05:23:36 PM CEST 2025] Vérification en cours (NOW=1759505016)
[Fri Oct  3 05:23:36 PM CEST 2025] Tâches candidates :
54617ce1-7e49-4edb-a2b1-2afbf11e4c87,1759504118
[Fri Oct  3 05:23:36 PM CEST 2025] Tâche 54617ce1-7e49-4edb-a2b1-2afbf11e4c87 ignorée (status non numérique → '1759504118')
[Fri Oct  3 05:23:56 PM CEST 2025] Vérification en cours (NOW=1759505036)
[Fri Oct  3 05:23:56 PM CEST 2025] Tâches candidates :
54617ce1-7e49-4edb-a2b1-2afbf11e4c87,1759504118
[Fri Oct  3 05:23:56 PM CEST 2025] Tâche 54617ce1-7e49-4edb-a2b1-2afbf11e4c87 ignorée (status non numérique → '1759504118')
[Fri Oct  3 05:24:16 PM CEST 2025] Vérification en cours (NOW=1759505056)
[Fri Oct  3 05:24:16 PM CEST 2025] Tâches candidates :
54617ce1-7e49-4edb-a2b1-2afbf11e4c87,1759504118
[Fri Oct  3 05:24:16 PM CEST 2025] Tâche 54617ce1-7e49-4edb-a2b1-2afbf11e4c87 ignorée (status non numérique → '1759504118')
[Fri Oct  3 05:24:36 PM CEST 2025] Vérification en cours (NOW=1759505076)
[Fri Oct  3 05:24:36 PM CEST 2025] Tâches candidates :
54617ce1-7e49-4edb-a2b1-2afbf11e4c87,1759504118
[Fri Oct  3 05:24:36 PM CEST 2025] Tâche 54617ce1-7e49-4edb-a2b1-2afbf11e4c87 ignorée (status non numérique → '1759504118')
[Fri Oct  3 05:24:56 PM CEST 2025] Vérification en cours (NOW=1759505096)
[Fri Oct  3 05:24:56 PM CEST 2025] Tâches candidates :
54617ce1-7e49-4edb-a2b1-2afbf11e4c87,1759504118
[Fri Oct  3 05:24:56 PM CEST 2025] Tâche 54617ce1-7e49-4edb-a2b1-2afbf11e4c87 ignorée (status non numérique → '1759504118')
[Fri Oct  3 05:25:16 PM CEST 2025] Vérification en cours (NOW=1759505116)
[Fri Oct  3 05:25:16 PM CEST 2025] Tâches candidates :
54617ce1-7e49-4edb-a2b1-2afbf11e4c87,1759504118
[Fri Oct  3 05:25:16 PM CEST 2025] Tâche 54617ce1-7e49-4edb-a2b1-2afbf11e4c87 ignorée (status non numérique → '1759504118')
[Fri Oct  3 05:25:36 PM CEST 2025] Vérification en cours (NOW=1759505136)
[Fri Oct  3 05:25:36 PM CEST 2025] Tâches candidates :
54617ce1-7e49-4edb-a2b1-2afbf11e4c87,1759504118
[Fri Oct  3 05:25:36 PM CEST 2025] Tâche 54617ce1-7e49-4edb-a2b1-2afbf11e4c87 ignorée (status non numérique → '1759504118')
[Fri Oct  3 05:25:56 PM CEST 2025] Vérification en cours (NOW=1759505156)
[Fri Oct  3 05:25:56 PM CEST 2025] Tâches candidates :
54617ce1-7e49-4edb-a2b1-2afbf11e4c87,1759504118
[Fri Oct  3 05:25:56 PM CEST 2025] Tâche 54617ce1-7e49-4edb-a2b1-2afbf11e4c87 ignorée (status non numérique → '1759504118')
[Fri Oct  3 05:26:16 PM CEST 2025] Vérification en cours (NOW=1759505176)
[Fri Oct  3 05:26:16 PM CEST 2025] Tâches candidates :
54617ce1-7e49-4edb-a2b1-2afbf11e4c87,1759504118
[Fri Oct  3 05:26:16 PM CEST 2025] Tâche 54617ce1-7e49-4edb-a2b1-2afbf11e4c87 ignorée (status non numérique → '1759504118')
[Fri Oct  3 05:26:36 PM CEST 2025] Vérification en cours (NOW=1759505196)
[Fri Oct  3 05:26:36 PM CEST 2025] Tâches candidates :
54617ce1-7e49-4edb-a2b1-2afbf11e4c87,1759504118
[Fri Oct  3 05:26:36 PM CEST 2025] Tâche 54617ce1-7e49-4edb-a2b1-2afbf11e4c87 ignorée (status non numérique → '1759504118')
[Fri Oct  3 05:26:56 PM CEST 2025] Vérification en cours (NOW=1759505216)
[Fri Oct  3 05:26:56 PM CEST 2025] Tâches candidates :
54617ce1-7e49-4edb-a2b1-2afbf11e4c87,1759504118
[Fri Oct  3 05:26:56 PM CEST 2025] Tâche 54617ce1-7e49-4edb-a2b1-2afbf11e4c87 réinitialisée (age=1098 s)
[Fri Oct  3 05:27:16 PM CEST 2025] Vérification en cours (NOW=1759505236)
[Fri Oct  3 05:27:16 PM CEST 2025] Tâches candidates :
[Fri Oct  3 05:27:16 PM CEST 2025] Aucune tâche à réinitialiser
[Fri Oct  3 05:27:36 PM CEST 2025] Vérification en cours (NOW=1759505256)
[Fri Oct  3 05:27:36 PM CEST 2025] Tâches candidates :
[Fri Oct  3 05:27:36 PM CEST 2025] Aucune tâche à réinitialiser
[Fri Oct  3 05:27:56 PM CEST 2025] Vérification en cours (NOW=1759505276)
[Fri Oct  3 05:27:56 PM CEST 2025] Tâches candidates :
[Fri Oct  3 05:27:56 PM CEST 2025] Aucune tâche à réinitialiser
[Fri Oct  3 05:28:16 PM CEST 2025] Vérification en cours (NOW=1759505296)
[Fri Oct  3 05:28:16 PM CEST 2025] Tâches candidates :
[Fri Oct  3 05:28:16 PM CEST 2025] Aucune tâche à réinitialiser
[Fri Oct  3 05:28:36 PM CEST 2025] Vérification en cours (NOW=1759505316)
[Fri Oct  3 05:28:36 PM CEST 2025] Tâches candidates :
[Fri Oct  3 05:28:36 PM CEST 2025] Aucune tâche à réinitialiser
[Fri Oct  3 05:28:56 PM CEST 2025] Vérification en cours (NOW=1759505336)
[Fri Oct  3 05:28:56 PM CEST 2025] Tâches candidates :
[Fri Oct  3 05:28:56 PM CEST 2025] Aucune tâche à réinitialiser
[Fri Oct  3 05:29:16 PM CEST 2025] Vérification en cours (NOW=1759505356)
[Fri Oct  3 05:29:16 PM CEST 2025] Tâches candidates :
[Fri Oct  3 05:29:16 PM CEST 2025] Aucune tâche à réinitialiser
[Fri Oct  3 05:29:36 PM CEST 2025] Vérification en cours (NOW=1759505376)
[Fri Oct  3 05:29:36 PM CEST 2025] Tâches candidates :
[Fri Oct  3 05:29:36 PM CEST 2025] Aucune tâche à réinitialiser
[Fri Oct  3 05:29:56 PM CEST 2025] Vérification en cours (NOW=1759505396)
[Fri Oct  3 05:29:56 PM CEST 2025] Tâches candidates :
[Fri Oct  3 05:29:56 PM CEST 2025] Aucune tâche à réinitialiser
[Fri Oct  3 05:30:16 PM CEST 2025] Vérification en cours (NOW=1759505416)
[Fri Oct  3 05:30:16 PM CEST 2025] Tâches candidates :
[Fri Oct  3 05:30:16 PM CEST 2025] Aucune tâche à réinitialiser
[Sat Oct  4 01:29:21 PM CEST 2025] Vérification en cours (NOW=1759577361)
[Sat Oct  4 01:29:21 PM CEST 2025] Tâches candidates :
[Sat Oct  4 01:29:21 PM CEST 2025] Aucune tâche à réinitialiser
[Sat Oct  4 01:29:21 PM CEST 2025] Vérification en cours (NOW=1759577361)
[Sat Oct  4 01:29:21 PM CEST 2025] Tâches candidates :
[Sat Oct  4 01:29:21 PM CEST 2025] Aucune tâche à réinitialiser
[Sat Oct  4 01:29:41 PM CEST 2025] Vérification en cours (NOW=1759577381)
[Sat Oct  4 01:29:41 PM CEST 2025] Tâches candidates :
[Sat Oct  4 01:29:41 PM CEST 2025] Aucune tâche à réinitialiser
[Sat Oct  4 01:29:41 PM CEST 2025] Vérification en cours (NOW=1759577381)
[Sat Oct  4 01:29:41 PM CEST 2025] Tâches candidates :
[Sat Oct  4 01:29:41 PM CEST 2025] Aucune tâche à réinitialiser
[Sat Oct  4 01:30:01 PM CEST 2025] Vérification en cours (NOW=1759577401)
[Sat Oct  4 01:30:01 PM CEST 2025] Tâches candidates :
[Sat Oct  4 01:30:01 PM CEST 2025] Aucune tâche à réinitialiser
[Sat Oct  4 01:30:01 PM CEST 2025] Vérification en cours (NOW=1759577401)
[Sat Oct  4 01:30:01 PM CEST 2025] Tâches candidates :
[Sat Oct  4 01:30:01 PM CEST 2025] Aucune tâche à réinitialiser
[Sat Oct  4 01:30:21 PM CEST 2025] Vérification en cours (NOW=1759577421)
[Sat Oct  4 01:30:21 PM CEST 2025] Tâches candidates :
[Sat Oct  4 01:30:21 PM CEST 2025] Aucune tâche à réinitialiser
[Sat Oct  4 01:30:21 PM CEST 2025] Vérification en cours (NOW=1759577421)
[Sat Oct  4 01:30:21 PM CEST 2025] Tâches candidates :
[Sat Oct  4 01:30:21 PM CEST 2025] Aucune tâche à réinitialiser
[Sat Oct  4 01:30:41 PM CEST 2025] Vérification en cours (NOW=1759577441)
[Sat Oct  4 01:30:41 PM CEST 2025] Tâches candidates :
[Sat Oct  4 01:30:41 PM CEST 2025] Aucune tâche à réinitialiser
[Sat Oct  4 01:30:41 PM CEST 2025] Vérification en cours (NOW=1759577441)
[Sat Oct  4 01:30:41 PM CEST 2025] Tâches candidates :
[Sat Oct  4 01:30:41 PM CEST 2025] Aucune tâche à réinitialiser
[Sat Oct  4 01:31:01 PM CEST 2025] Vérification en cours (NOW=1759577461)
[Sat Oct  4 01:31:01 PM CEST 2025] Tâches candidates :
[Sat Oct  4 01:31:01 PM CEST 2025] Aucune tâche à réinitialiser
[Sat Oct  4 01:31:01 PM CEST 2025] Vérification en cours (NOW=1759577461)
[Sat Oct  4 01:31:01 PM CEST 2025] Tâches candidates :
[Sat Oct  4 01:31:01 PM CEST 2025] Aucune tâche à réinitialiser
[Sat Oct  4 01:31:21 PM CEST 2025] Vérification en cours (NOW=1759577481)
[Sat Oct  4 01:31:21 PM CEST 2025] Tâches candidates :
[Sat Oct  4 01:31:21 PM CEST 2025] Aucune tâche à réinitialiser
[Sat Oct  4 01:31:21 PM CEST 2025] Vérification en cours (NOW=1759577481)
[Sat Oct  4 01:31:21 PM CEST 2025] Tâches candidates :
[Sat Oct  4 01:31:21 PM CEST 2025] Aucune tâche à réinitialiser
[Sat Oct  4 01:31:41 PM CEST 2025] Vérification en cours (NOW=1759577501)
[Sat Oct  4 01:31:41 PM CEST 2025] Tâches candidates :
[Sat Oct  4 01:31:41 PM CEST 2025] Aucune tâche à réinitialiser
[Sat Oct  4 01:31:41 PM CEST 2025] Vérification en cours (NOW=1759577501)
[Sat Oct  4 01:31:41 PM CEST 2025] Tâches candidates :
[Sat Oct  4 01:31:41 PM CEST 2025] Aucune tâche à réinitialiser
[Sat Oct  4 08:14:02 PM CEST 2025] Vérification en cours (NOW=1759601642)
[Sat Oct  4 08:14:02 PM CEST 2025] Tâches candidates :
[Sat Oct  4 08:14:02 PM CEST 2025] Aucune tâche à réinitialiser
[Sat Oct  4 08:14:03 PM CEST 2025] Vérification en cours (NOW=1759601643)
[Sat Oct  4 08:14:03 PM CEST 2025] Tâches candidates :
[Sat Oct  4 08:14:03 PM CEST 2025] Aucune tâche à réinitialiser
[Sat Oct  4 08:14:22 PM CEST 2025] Vérification en cours (NOW=1759601662)
[Sat Oct  4 08:14:22 PM CEST 2025] Tâches candidates :
[Sat Oct  4 08:14:22 PM CEST 2025] Aucune tâche à réinitialiser
[Sat Oct  4 08:14:23 PM CEST 2025] Vérification en cours (NOW=1759601663)
[Sat Oct  4 08:14:23 PM CEST 2025] Tâches candidates :
[Sat Oct  4 08:14:23 PM CEST 2025] Aucune tâche à réinitialiser
[Sat Oct  4 08:14:42 PM CEST 2025] Vérification en cours (NOW=1759601682)
[Sat Oct  4 08:14:43 PM CEST 2025] Tâches candidates :
[Sat Oct  4 08:14:43 PM CEST 2025] Aucune tâche à réinitialiser
[Sat Oct  4 08:14:43 PM CEST 2025] Vérification en cours (NOW=1759601683)
[Sat Oct  4 08:14:43 PM CEST 2025] Tâches candidates :
[Sat Oct  4 08:14:43 PM CEST 2025] Aucune tâche à réinitialiser
[Sat Oct  4 08:15:03 PM CEST 2025] Vérification en cours (NOW=1759601703)
[Sat Oct  4 08:15:03 PM CEST 2025] Tâches candidates :
[Sat Oct  4 08:15:03 PM CEST 2025] Aucune tâche à réinitialiser
[Sat Oct  4 08:15:03 PM CEST 2025] Vérification en cours (NOW=1759601703)
[Sat Oct  4 08:15:03 PM CEST 2025] Tâches candidates :
[Sat Oct  4 08:15:03 PM CEST 2025] Aucune tâche à réinitialiser
[Sat Oct  4 08:15:23 PM CEST 2025] Vérification en cours (NOW=1759601723)
[Sat Oct  4 08:15:23 PM CEST 2025] Tâches candidates :
[Sat Oct  4 08:15:23 PM CEST 2025] Aucune tâche à réinitialiser
[Sat Oct  4 08:15:23 PM CEST 2025] Vérification en cours (NOW=1759601723)
[Sat Oct  4 08:15:23 PM CEST 2025] Tâches candidates :
[Sat Oct  4 08:15:23 PM CEST 2025] Aucune tâche à réinitialiser
[Sat Oct  4 08:15:43 PM CEST 2025] Vérification en cours (NOW=1759601743)
[Sat Oct  4 08:15:43 PM CEST 2025] Tâches candidates :
[Sat Oct  4 08:15:43 PM CEST 2025] Aucune tâche à réinitialiser
[Sat Oct  4 08:15:43 PM CEST 2025] Vérification en cours (NOW=1759601743)
[Sat Oct  4 08:15:43 PM CEST 2025] Tâches candidates :
[Sat Oct  4 08:15:43 PM CEST 2025] Aucune tâche à réinitialiser
[Sat Oct  4 08:16:03 PM CEST 2025] Vérification en cours (NOW=1759601763)
[Sat Oct  4 08:16:03 PM CEST 2025] Tâches candidates :
[Sat Oct  4 08:16:03 PM CEST 2025] Aucune tâche à réinitialiser
[Sat Oct  4 08:16:03 PM CEST 2025] Vérification en cours (NOW=1759601763)
[Sat Oct  4 08:16:03 PM CEST 2025] Tâches candidates :
[Sat Oct  4 08:16:03 PM CEST 2025] Aucune tâche à réinitialiser
[Sat Oct  4 08:16:23 PM CEST 2025] Vérification en cours (NOW=1759601783)
[Sat Oct  4 08:16:23 PM CEST 2025] Tâches candidates :
[Sat Oct  4 08:16:23 PM CEST 2025] Aucune tâche à réinitialiser
[Sat Oct  4 08:16:23 PM CEST 2025] Vérification en cours (NOW=1759601783)
[Sat Oct  4 08:16:23 PM CEST 2025] Tâches candidates :
[Sat Oct  4 08:16:23 PM CEST 2025] Aucune tâche à réinitialiser
[Sat Oct  4 08:16:43 PM CEST 2025] Vérification en cours (NOW=1759601803)
[Sat Oct  4 08:16:43 PM CEST 2025] Tâches candidates :
[Sat Oct  4 08:16:43 PM CEST 2025] Aucune tâche à réinitialiser
[Sat Oct  4 08:16:43 PM CEST 2025] Vérification en cours (NOW=1759601803)
[Sat Oct  4 08:16:43 PM CEST 2025] Tâches candidates :
[Sat Oct  4 08:16:43 PM CEST 2025] Aucune tâche à réinitialiser
[Sat Oct  4 08:17:03 PM CEST 2025] Vérification en cours (NOW=1759601823)
[Sat Oct  4 08:17:03 PM CEST 2025] Tâches candidates :
[Sat Oct  4 08:17:03 PM CEST 2025] Aucune tâche à réinitialiser
[Sat Oct  4 08:17:03 PM CEST 2025] Vérification en cours (NOW=1759601823)
[Sat Oct  4 08:17:03 PM CEST 2025] Tâches candidates :
[Sat Oct  4 08:17:03 PM CEST 2025] Aucune tâche à réinitialiser
[Sat Oct  4 08:17:23 PM CEST 2025] Vérification en cours (NOW=1759601843)
[Sat Oct  4 08:17:23 PM CEST 2025] Tâches candidates :
[Sat Oct  4 08:17:23 PM CEST 2025] Aucune tâche à réinitialiser
[Sat Oct  4 08:17:23 PM CEST 2025] Vérification en cours (NOW=1759601843)
[Sat Oct  4 08:17:23 PM CEST 2025] Tâches candidates :
[Sat Oct  4 08:17:23 PM CEST 2025] Aucune tâche à réinitialiser
[Sat Oct  4 08:17:43 PM CEST 2025] Vérification en cours (NOW=1759601863)
[Sat Oct  4 08:17:43 PM CEST 2025] Tâches candidates :
[Sat Oct  4 08:17:43 PM CEST 2025] Aucune tâche à réinitialiser
[Sat Oct  4 08:17:43 PM CEST 2025] Vérification en cours (NOW=1759601863)
[Sat Oct  4 08:17:43 PM CEST 2025] Tâches candidates :
[Sat Oct  4 08:17:43 PM CEST 2025] Aucune tâche à réinitialiser
[Sat Oct  4 08:18:03 PM CEST 2025] Vérification en cours (NOW=1759601883)
[Sat Oct  4 08:18:03 PM CEST 2025] Tâches candidates :
[Sat Oct  4 08:18:03 PM CEST 2025] Aucune tâche à réinitialiser
[Sat Oct  4 08:18:03 PM CEST 2025] Vérification en cours (NOW=1759601883)
[Sat Oct  4 08:18:03 PM CEST 2025] Tâches candidates :
[Sat Oct  4 08:18:03 PM CEST 2025] Aucune tâche à réinitialiser
[Sat Oct  4 08:18:23 PM CEST 2025] Vérification en cours (NOW=1759601903)
[Sat Oct  4 08:18:23 PM CEST 2025] Tâches candidates :
[Sat Oct  4 08:18:23 PM CEST 2025] Aucune tâche à réinitialiser
[Sat Oct  4 08:18:23 PM CEST 2025] Vérification en cours (NOW=1759601903)
[Sat Oct  4 08:18:23 PM CEST 2025] Tâches candidates :
[Sat Oct  4 08:18:23 PM CEST 2025] Aucune tâche à réinitialiser
[Sat Oct  4 08:18:43 PM CEST 2025] Vérification en cours (NOW=1759601923)
[Sat Oct  4 08:18:43 PM CEST 2025] Tâches candidates :
[Sat Oct  4 08:18:43 PM CEST 2025] Aucune tâche à réinitialiser
[Sat Oct  4 08:18:43 PM CEST 2025] Vérification en cours (NOW=1759601923)
[Sat Oct  4 08:18:43 PM CEST 2025] Tâches candidates :
[Sat Oct  4 08:18:43 PM CEST 2025] Aucune tâche à réinitialiser
[Sat Oct  4 08:19:03 PM CEST 2025] Vérification en cours (NOW=1759601943)
[Sat Oct  4 08:19:03 PM CEST 2025] Tâches candidates :
[Sat Oct  4 08:19:03 PM CEST 2025] Aucune tâche à réinitialiser
[Sat Oct  4 08:19:03 PM CEST 2025] Vérification en cours (NOW=1759601943)
[Sat Oct  4 08:19:03 PM CEST 2025] Tâches candidates :
[Sat Oct  4 08:19:03 PM CEST 2025] Aucune tâche à réinitialiser
[Sat Oct  4 08:19:23 PM CEST 2025] Vérification en cours (NOW=1759601963)
[Sat Oct  4 08:19:23 PM CEST 2025] Tâches candidates :
[Sat Oct  4 08:19:23 PM CEST 2025] Aucune tâche à réinitialiser
[Sat Oct  4 08:19:23 PM CEST 2025] Vérification en cours (NOW=1759601963)
[Sat Oct  4 08:19:23 PM CEST 2025] Tâches candidates :
[Sat Oct  4 08:19:23 PM CEST 2025] Aucune tâche à réinitialiser
[Sat Oct  4 08:19:43 PM CEST 2025] Vérification en cours (NOW=1759601983)
[Sat Oct  4 08:19:43 PM CEST 2025] Tâches candidates :
[Sat Oct  4 08:19:43 PM CEST 2025] Aucune tâche à réinitialiser
[Sat Oct  4 08:19:43 PM CEST 2025] Vérification en cours (NOW=1759601983)
[Sat Oct  4 08:19:43 PM CEST 2025] Tâches candidates :
[Sat Oct  4 08:19:43 PM CEST 2025] Aucune tâche à réinitialiser
[Sat Oct  4 08:20:03 PM CEST 2025] Vérification en cours (NOW=1759602003)
[Sat Oct  4 08:20:03 PM CEST 2025] Tâches candidates :
[Sat Oct  4 08:20:03 PM CEST 2025] Aucune tâche à réinitialiser
[Sat Oct  4 08:20:03 PM CEST 2025] Vérification en cours (NOW=1759602003)
[Sat Oct  4 08:20:03 PM CEST 2025] Tâches candidates :
[Sat Oct  4 08:20:03 PM CEST 2025] Aucune tâche à réinitialiser
[Sat Oct  4 08:20:23 PM CEST 2025] Vérification en cours (NOW=1759602023)
[Sat Oct  4 08:20:23 PM CEST 2025] Tâches candidates :
[Sat Oct  4 08:20:23 PM CEST 2025] Aucune tâche à réinitialiser
[Sat Oct  4 08:20:23 PM CEST 2025] Vérification en cours (NOW=1759602023)
[Sat Oct  4 08:20:23 PM CEST 2025] Tâches candidates :
[Sat Oct  4 08:20:23 PM CEST 2025] Aucune tâche à réinitialiser
[Sat Oct  4 08:20:43 PM CEST 2025] Vérification en cours (NOW=1759602043)
[Sat Oct  4 08:20:43 PM CEST 2025] Tâches candidates :
[Sat Oct  4 08:20:43 PM CEST 2025] Aucune tâche à réinitialiser
[Sat Oct  4 08:20:43 PM CEST 2025] Vérification en cours (NOW=1759602043)
[Sat Oct  4 08:20:43 PM CEST 2025] Tâches candidates :
[Sat Oct  4 08:20:43 PM CEST 2025] Aucune tâche à réinitialiser
[Sat Oct  4 08:21:03 PM CEST 2025] Vérification en cours (NOW=1759602063)
[Sat Oct  4 08:21:03 PM CEST 2025] Tâches candidates :
[Sat Oct  4 08:21:03 PM CEST 2025] Aucune tâche à réinitialiser
[Sat Oct  4 08:21:03 PM CEST 2025] Vérification en cours (NOW=1759602063)
[Sat Oct  4 08:21:03 PM CEST 2025] Tâches candidates :
[Sat Oct  4 08:21:03 PM CEST 2025] Aucune tâche à réinitialiser
[Sat Oct  4 08:21:23 PM CEST 2025] Vérification en cours (NOW=1759602083)
[Sat Oct  4 08:21:23 PM CEST 2025] Tâches candidates :
[Sat Oct  4 08:21:23 PM CEST 2025] Aucune tâche à réinitialiser
[Sat Oct  4 08:21:23 PM CEST 2025] Vérification en cours (NOW=1759602083)
[Sat Oct  4 08:21:23 PM CEST 2025] Tâches candidates :
[Sat Oct  4 08:21:23 PM CEST 2025] Aucune tâche à réinitialiser
[Sat Oct  4 08:21:43 PM CEST 2025] Vérification en cours (NOW=1759602103)
[Sat Oct  4 08:21:43 PM CEST 2025] Tâches candidates :
[Sat Oct  4 08:21:43 PM CEST 2025] Aucune tâche à réinitialiser
[Sat Oct  4 08:21:43 PM CEST 2025] Vérification en cours (NOW=1759602103)
[Sat Oct  4 08:21:43 PM CEST 2025] Tâches candidates :
[Sat Oct  4 08:21:43 PM CEST 2025] Aucune tâche à réinitialiser
[Sat Oct  4 08:22:03 PM CEST 2025] Vérification en cours (NOW=1759602123)
[Sat Oct  4 08:22:03 PM CEST 2025] Tâches candidates :
[Sat Oct  4 08:22:03 PM CEST 2025] Aucune tâche à réinitialiser
[Sat Oct  4 08:22:03 PM CEST 2025] Vérification en cours (NOW=1759602123)
[Sat Oct  4 08:22:03 PM CEST 2025] Tâches candidates :
[Sat Oct  4 08:22:03 PM CEST 2025] Aucune tâche à réinitialiser
[Sat Oct  4 08:22:23 PM CEST 2025] Vérification en cours (NOW=1759602143)
[Sat Oct  4 08:22:23 PM CEST 2025] Tâches candidates :
[Sat Oct  4 08:22:23 PM CEST 2025] Aucune tâche à réinitialiser
[Sat Oct  4 08:22:23 PM CEST 2025] Vérification en cours (NOW=1759602143)
[Sat Oct  4 08:22:23 PM CEST 2025] Tâches candidates :
[Sat Oct  4 08:22:23 PM CEST 2025] Aucune tâche à réinitialiser
[Sat Oct  4 08:22:43 PM CEST 2025] Vérification en cours (NOW=1759602163)
[Sat Oct  4 08:22:43 PM CEST 2025] Tâches candidates :
[Sat Oct  4 08:22:43 PM CEST 2025] Aucune tâche à réinitialiser
[Sat Oct  4 08:22:43 PM CEST 2025] Vérification en cours (NOW=1759602163)
[Sat Oct  4 08:22:43 PM CEST 2025] Tâches candidates :
[Sat Oct  4 08:22:43 PM CEST 2025] Aucune tâche à réinitialiser
[Sat Oct  4 08:23:03 PM CEST 2025] Vérification en cours (NOW=1759602183)
[Sat Oct  4 08:23:03 PM CEST 2025] Tâches candidates :
[Sat Oct  4 08:23:03 PM CEST 2025] Aucune tâche à réinitialiser
[Sat Oct  4 08:23:03 PM CEST 2025] Vérification en cours (NOW=1759602183)
[Sat Oct  4 08:23:03 PM CEST 2025] Tâches candidates :
[Sat Oct  4 08:23:03 PM CEST 2025] Aucune tâche à réinitialiser
[Sat Oct  4 08:23:23 PM CEST 2025] Vérification en cours (NOW=1759602203)
[Sat Oct  4 08:23:23 PM CEST 2025] Tâches candidates :
[Sat Oct  4 08:23:23 PM CEST 2025] Aucune tâche à réinitialiser
[Sat Oct  4 08:23:23 PM CEST 2025] Vérification en cours (NOW=1759602203)
[Sat Oct  4 08:23:23 PM CEST 2025] Tâches candidates :
[Sat Oct  4 08:23:23 PM CEST 2025] Aucune tâche à réinitialiser
[Sat Oct  4 08:23:43 PM CEST 2025] Vérification en cours (NOW=1759602223)
[Sat Oct  4 08:23:43 PM CEST 2025] Tâches candidates :
[Sat Oct  4 08:23:43 PM CEST 2025] Aucune tâche à réinitialiser
[Sat Oct  4 08:23:43 PM CEST 2025] Vérification en cours (NOW=1759602223)
[Sat Oct  4 08:23:43 PM CEST 2025] Tâches candidates :
[Sat Oct  4 08:23:43 PM CEST 2025] Aucune tâche à réinitialiser
[Sat Oct  4 08:24:03 PM CEST 2025] Vérification en cours (NOW=1759602243)
[Sat Oct  4 08:24:03 PM CEST 2025] Tâches candidates :
[Sat Oct  4 08:24:03 PM CEST 2025] Aucune tâche à réinitialiser
[Sat Oct  4 08:24:03 PM CEST 2025] Vérification en cours (NOW=1759602243)
[Sat Oct  4 08:24:03 PM CEST 2025] Tâches candidates :
[Sat Oct  4 08:24:03 PM CEST 2025] Aucune tâche à réinitialiser
[Sat Oct  4 08:24:23 PM CEST 2025] Vérification en cours (NOW=1759602263)
[Sat Oct  4 08:24:23 PM CEST 2025] Tâches candidates :
[Sat Oct  4 08:24:23 PM CEST 2025] Aucune tâche à réinitialiser
[Sat Oct  4 08:24:23 PM CEST 2025] Vérification en cours (NOW=1759602263)
[Sat Oct  4 08:24:23 PM CEST 2025] Tâches candidates :
[Sat Oct  4 08:24:23 PM CEST 2025] Aucune tâche à réinitialiser
[Sat Oct  4 08:24:43 PM CEST 2025] Vérification en cours (NOW=1759602283)
[Sat Oct  4 08:24:43 PM CEST 2025] Tâches candidates :
[Sat Oct  4 08:24:43 PM CEST 2025] Aucune tâche à réinitialiser
[Sat Oct  4 08:24:43 PM CEST 2025] Vérification en cours (NOW=1759602283)
[Sat Oct  4 08:24:43 PM CEST 2025] Tâches candidates :
[Sat Oct  4 08:24:43 PM CEST 2025] Aucune tâche à réinitialiser
[Sat Oct  4 08:24:57 PM CEST 2025] Vérification en cours (NOW=1759602297)
[Sat Oct  4 08:24:57 PM CEST 2025] Tâches candidates :
[Sat Oct  4 08:24:57 PM CEST 2025] Aucune tâche à réinitialiser
[Sat Oct  4 08:25:03 PM CEST 2025] Vérification en cours (NOW=1759602303)
[Sat Oct  4 08:25:03 PM CEST 2025] Tâches candidates :
[Sat Oct  4 08:25:03 PM CEST 2025] Aucune tâche à réinitialiser
[Sat Oct  4 08:25:03 PM CEST 2025] Vérification en cours (NOW=1759602303)
[Sat Oct  4 08:25:03 PM CEST 2025] Tâches candidates :
[Sat Oct  4 08:25:03 PM CEST 2025] Aucune tâche à réinitialiser
[Sat Oct  4 08:25:17 PM CEST 2025] Vérification en cours (NOW=1759602317)
[Sat Oct  4 08:25:17 PM CEST 2025] Tâches candidates :
[Sat Oct  4 08:25:17 PM CEST 2025] Aucune tâche à réinitialiser
[Sat Oct  4 08:25:23 PM CEST 2025] Vérification en cours (NOW=1759602323)
[Sat Oct  4 08:25:23 PM CEST 2025] Tâches candidates :
[Sat Oct  4 08:25:23 PM CEST 2025] Aucune tâche à réinitialiser
[Sat Oct  4 08:25:23 PM CEST 2025] Vérification en cours (NOW=1759602323)
[Sat Oct  4 08:25:23 PM CEST 2025] Tâches candidates :
[Sat Oct  4 08:25:23 PM CEST 2025] Aucune tâche à réinitialiser
[Sat Oct  4 08:25:31 PM CEST 2025] Vérification en cours (NOW=1759602331)
[Sat Oct  4 08:25:31 PM CEST 2025] Tâches candidates :
[Sat Oct  4 08:25:31 PM CEST 2025] Aucune tâche à réinitialiser
[Sat Oct  4 08:25:37 PM CEST 2025] Vérification en cours (NOW=1759602337)
[Sat Oct  4 08:25:37 PM CEST 2025] Tâches candidates :
[Sat Oct  4 08:25:37 PM CEST 2025] Aucune tâche à réinitialiser
[Sat Oct  4 08:25:43 PM CEST 2025] Vérification en cours (NOW=1759602343)
[Sat Oct  4 08:25:43 PM CEST 2025] Tâches candidates :
[Sat Oct  4 08:25:43 PM CEST 2025] Aucune tâche à réinitialiser
[Sat Oct  4 08:25:43 PM CEST 2025] Vérification en cours (NOW=1759602343)
[Sat Oct  4 08:25:43 PM CEST 2025] Tâches candidates :
[Sat Oct  4 08:25:43 PM CEST 2025] Aucune tâche à réinitialiser
[Sat Oct  4 08:25:51 PM CEST 2025] Vérification en cours (NOW=1759602351)
[Sat Oct  4 08:25:51 PM CEST 2025] Tâches candidates :
[Sat Oct  4 08:25:51 PM CEST 2025] Aucune tâche à réinitialiser
[Sat Oct  4 08:25:57 PM CEST 2025] Vérification en cours (NOW=1759602357)
[Sat Oct  4 08:25:57 PM CEST 2025] Tâches candidates :
[Sat Oct  4 08:25:57 PM CEST 2025] Aucune tâche à réinitialiser
[Sat Oct  4 08:26:03 PM CEST 2025] Vérification en cours (NOW=1759602363)
[Sat Oct  4 08:26:03 PM CEST 2025] Tâches candidates :
[Sat Oct  4 08:26:03 PM CEST 2025] Aucune tâche à réinitialiser
[Sat Oct  4 08:26:03 PM CEST 2025] Vérification en cours (NOW=1759602363)
[Sat Oct  4 08:26:03 PM CEST 2025] Tâches candidates :
[Sat Oct  4 08:26:03 PM CEST 2025] Aucune tâche à réinitialiser
[Sat Oct  4 08:26:12 PM CEST 2025] Vérification en cours (NOW=1759602372)
[Sat Oct  4 08:26:12 PM CEST 2025] Tâches candidates :
[Sat Oct  4 08:26:12 PM CEST 2025] Aucune tâche à réinitialiser
[Sat Oct  4 08:26:17 PM CEST 2025] Vérification en cours (NOW=1759602377)
[Sat Oct  4 08:26:17 PM CEST 2025] Tâches candidates :
[Sat Oct  4 08:26:17 PM CEST 2025] Aucune tâche à réinitialiser
[Sat Oct  4 08:26:23 PM CEST 2025] Vérification en cours (NOW=1759602383)
[Sat Oct  4 08:26:23 PM CEST 2025] Tâches candidates :
[Sat Oct  4 08:26:23 PM CEST 2025] Aucune tâche à réinitialiser
[Sat Oct  4 08:26:23 PM CEST 2025] Vérification en cours (NOW=1759602383)
[Sat Oct  4 08:26:23 PM CEST 2025] Tâches candidates :
[Sat Oct  4 08:26:23 PM CEST 2025] Aucune tâche à réinitialiser
[Sat Oct  4 08:26:32 PM CEST 2025] Vérification en cours (NOW=1759602392)
[Sat Oct  4 08:26:32 PM CEST 2025] Tâches candidates :
[Sat Oct  4 08:26:32 PM CEST 2025] Aucune tâche à réinitialiser
[Sat Oct  4 08:26:37 PM CEST 2025] Vérification en cours (NOW=1759602397)
[Sat Oct  4 08:26:37 PM CEST 2025] Tâches candidates :
[Sat Oct  4 08:26:37 PM CEST 2025] Aucune tâche à réinitialiser
[Sat Oct  4 08:26:43 PM CEST 2025] Vérification en cours (NOW=1759602403)
[Sat Oct  4 08:26:43 PM CEST 2025] Tâches candidates :
[Sat Oct  4 08:26:43 PM CEST 2025] Aucune tâche à réinitialiser
[Sat Oct  4 08:26:43 PM CEST 2025] Vérification en cours (NOW=1759602403)
[Sat Oct  4 08:26:43 PM CEST 2025] Tâches candidates :
[Sat Oct  4 08:26:43 PM CEST 2025] Aucune tâche à réinitialiser
[Sat Oct  4 08:26:52 PM CEST 2025] Vérification en cours (NOW=1759602412)
[Sat Oct  4 08:26:52 PM CEST 2025] Tâches candidates :
[Sat Oct  4 08:26:52 PM CEST 2025] Aucune tâche à réinitialiser
[Sat Oct  4 08:26:57 PM CEST 2025] Vérification en cours (NOW=1759602417)
[Sat Oct  4 08:26:57 PM CEST 2025] Tâches candidates :
[Sat Oct  4 08:26:57 PM CEST 2025] Aucune tâche à réinitialiser
[Sat Oct  4 08:27:03 PM CEST 2025] Vérification en cours (NOW=1759602423)
[Sat Oct  4 08:27:03 PM CEST 2025] Tâches candidates :
[Sat Oct  4 08:27:03 PM CEST 2025] Aucune tâche à réinitialiser
[Sat Oct  4 08:27:03 PM CEST 2025] Vérification en cours (NOW=1759602423)
[Sat Oct  4 08:27:03 PM CEST 2025] Tâches candidates :
[Sat Oct  4 08:27:03 PM CEST 2025] Aucune tâche à réinitialiser
[Sat Oct  4 08:27:12 PM CEST 2025] Vérification en cours (NOW=1759602432)
[Sat Oct  4 08:27:12 PM CEST 2025] Tâches candidates :
[Sat Oct  4 08:27:12 PM CEST 2025] Aucune tâche à réinitialiser
[Sat Oct  4 08:27:17 PM CEST 2025] Vérification en cours (NOW=1759602437)
[Sat Oct  4 08:27:17 PM CEST 2025] Tâches candidates :
[Sat Oct  4 08:27:17 PM CEST 2025] Aucune tâche à réinitialiser
[Sat Oct  4 08:27:23 PM CEST 2025] Vérification en cours (NOW=1759602443)
[Sat Oct  4 08:27:23 PM CEST 2025] Tâches candidates :
[Sat Oct  4 08:27:23 PM CEST 2025] Aucune tâche à réinitialiser
[Sat Oct  4 08:27:23 PM CEST 2025] Vérification en cours (NOW=1759602443)
[Sat Oct  4 08:27:23 PM CEST 2025] Tâches candidates :
[Sat Oct  4 08:27:23 PM CEST 2025] Aucune tâche à réinitialiser
[Sat Oct  4 08:27:32 PM CEST 2025] Vérification en cours (NOW=1759602452)
[Sat Oct  4 08:27:32 PM CEST 2025] Tâches candidates :
[Sat Oct  4 08:27:32 PM CEST 2025] Aucune tâche à réinitialiser
[Sat Oct  4 08:27:37 PM CEST 2025] Vérification en cours (NOW=1759602457)
[Sat Oct  4 08:27:37 PM CEST 2025] Tâches candidates :
[Sat Oct  4 08:27:37 PM CEST 2025] Aucune tâche à réinitialiser
[Sat Oct  4 08:27:43 PM CEST 2025] Vérification en cours (NOW=1759602463)
[Sat Oct  4 08:27:43 PM CEST 2025] Tâches candidates :
[Sat Oct  4 08:27:43 PM CEST 2025] Aucune tâche à réinitialiser
[Sat Oct  4 08:27:43 PM CEST 2025] Vérification en cours (NOW=1759602463)
[Sat Oct  4 08:27:43 PM CEST 2025] Tâches candidates :
[Sat Oct  4 08:27:43 PM CEST 2025] Aucune tâche à réinitialiser
[Sat Oct  4 08:27:52 PM CEST 2025] Vérification en cours (NOW=1759602472)
[Sat Oct  4 08:27:52 PM CEST 2025] Tâches candidates :
[Sat Oct  4 08:27:52 PM CEST 2025] Aucune tâche à réinitialiser
[Sat Oct  4 08:27:57 PM CEST 2025] Vérification en cours (NOW=1759602477)
[Sat Oct  4 08:27:57 PM CEST 2025] Tâches candidates :
[Sat Oct  4 08:27:57 PM CEST 2025] Aucune tâche à réinitialiser
[Sat Oct  4 08:28:03 PM CEST 2025] Vérification en cours (NOW=1759602483)
[Sat Oct  4 08:28:03 PM CEST 2025] Tâches candidates :
[Sat Oct  4 08:28:03 PM CEST 2025] Aucune tâche à réinitialiser
[Sat Oct  4 08:28:04 PM CEST 2025] Vérification en cours (NOW=1759602484)
[Sat Oct  4 08:28:04 PM CEST 2025] Tâches candidates :
[Sat Oct  4 08:28:04 PM CEST 2025] Aucune tâche à réinitialiser
[Sat Oct  4 08:28:12 PM CEST 2025] Vérification en cours (NOW=1759602492)
[Sat Oct  4 08:28:12 PM CEST 2025] Tâches candidates :
[Sat Oct  4 08:28:12 PM CEST 2025] Aucune tâche à réinitialiser
[Sat Oct  4 08:28:17 PM CEST 2025] Vérification en cours (NOW=1759602497)
[Sat Oct  4 08:28:17 PM CEST 2025] Tâches candidates :
[Sat Oct  4 08:28:17 PM CEST 2025] Aucune tâche à réinitialiser
[Sat Oct  4 08:28:23 PM CEST 2025] Vérification en cours (NOW=1759602503)
[Sat Oct  4 08:28:23 PM CEST 2025] Tâches candidates :
[Sat Oct  4 08:28:23 PM CEST 2025] Aucune tâche à réinitialiser
[Sat Oct  4 08:28:24 PM CEST 2025] Vérification en cours (NOW=1759602504)
[Sat Oct  4 08:28:24 PM CEST 2025] Tâches candidates :
[Sat Oct  4 08:28:24 PM CEST 2025] Aucune tâche à réinitialiser
[Sat Oct  4 08:28:32 PM CEST 2025] Vérification en cours (NOW=1759602512)
[Sat Oct  4 08:28:32 PM CEST 2025] Tâches candidates :
[Sat Oct  4 08:28:32 PM CEST 2025] Aucune tâche à réinitialiser
[Sat Oct  4 08:28:37 PM CEST 2025] Vérification en cours (NOW=1759602517)
[Sat Oct  4 08:28:37 PM CEST 2025] Tâches candidates :
[Sat Oct  4 08:28:37 PM CEST 2025] Aucune tâche à réinitialiser
[Sat Oct  4 08:28:43 PM CEST 2025] Vérification en cours (NOW=1759602523)
[Sat Oct  4 08:28:43 PM CEST 2025] Tâches candidates :
[Sat Oct  4 08:28:43 PM CEST 2025] Aucune tâche à réinitialiser
[Sat Oct  4 08:28:44 PM CEST 2025] Vérification en cours (NOW=1759602524)
[Sat Oct  4 08:28:44 PM CEST 2025] Tâches candidates :
[Sat Oct  4 08:28:44 PM CEST 2025] Aucune tâche à réinitialiser
[Sat Oct  4 08:28:52 PM CEST 2025] Vérification en cours (NOW=1759602532)
[Sat Oct  4 08:28:52 PM CEST 2025] Tâches candidates :
[Sat Oct  4 08:28:52 PM CEST 2025] Aucune tâche à réinitialiser
[Sat Oct  4 08:28:57 PM CEST 2025] Vérification en cours (NOW=1759602537)
[Sat Oct  4 08:28:58 PM CEST 2025] Tâches candidates :
[Sat Oct  4 08:28:58 PM CEST 2025] Aucune tâche à réinitialiser
[Sat Oct  4 08:29:03 PM CEST 2025] Vérification en cours (NOW=1759602543)
[Sat Oct  4 08:29:03 PM CEST 2025] Tâches candidates :
[Sat Oct  4 08:29:03 PM CEST 2025] Aucune tâche à réinitialiser
[Sat Oct  4 08:29:04 PM CEST 2025] Vérification en cours (NOW=1759602544)
[Sat Oct  4 08:29:04 PM CEST 2025] Tâches candidates :
[Sat Oct  4 08:29:04 PM CEST 2025] Aucune tâche à réinitialiser
[Sat Oct  4 08:29:12 PM CEST 2025] Vérification en cours (NOW=1759602552)
[Sat Oct  4 08:29:12 PM CEST 2025] Tâches candidates :
[Sat Oct  4 08:29:12 PM CEST 2025] Aucune tâche à réinitialiser
[Sat Oct  4 08:29:18 PM CEST 2025] Vérification en cours (NOW=1759602558)
[Sat Oct  4 08:29:18 PM CEST 2025] Tâches candidates :
[Sat Oct  4 08:29:18 PM CEST 2025] Aucune tâche à réinitialiser
[Sat Oct  4 08:29:23 PM CEST 2025] Vérification en cours (NOW=1759602563)
[Sat Oct  4 08:29:23 PM CEST 2025] Tâches candidates :
[Sat Oct  4 08:29:23 PM CEST 2025] Aucune tâche à réinitialiser
[Sat Oct  4 08:29:24 PM CEST 2025] Vérification en cours (NOW=1759602564)
[Sat Oct  4 08:29:24 PM CEST 2025] Tâches candidates :
[Sat Oct  4 08:29:24 PM CEST 2025] Aucune tâche à réinitialiser
[Sat Oct  4 08:29:32 PM CEST 2025] Vérification en cours (NOW=1759602572)
[Sat Oct  4 08:29:32 PM CEST 2025] Tâches candidates :
[Sat Oct  4 08:29:32 PM CEST 2025] Aucune tâche à réinitialiser
[Sat Oct  4 08:29:38 PM CEST 2025] Vérification en cours (NOW=1759602578)
[Sat Oct  4 08:29:38 PM CEST 2025] Tâches candidates :
[Sat Oct  4 08:29:38 PM CEST 2025] Aucune tâche à réinitialiser
[Sat Oct  4 08:29:44 PM CEST 2025] Vérification en cours (NOW=1759602584)
[Sat Oct  4 08:29:44 PM CEST 2025] Tâches candidates :
[Sat Oct  4 08:29:44 PM CEST 2025] Aucune tâche à réinitialiser
[Sat Oct  4 08:29:44 PM CEST 2025] Vérification en cours (NOW=1759602584)
[Sat Oct  4 08:29:44 PM CEST 2025] Tâches candidates :
[Sat Oct  4 08:29:44 PM CEST 2025] Aucune tâche à réinitialiser
[Sat Oct  4 08:29:52 PM CEST 2025] Vérification en cours (NOW=1759602592)
[Sat Oct  4 08:29:52 PM CEST 2025] Tâches candidates :
[Sat Oct  4 08:29:52 PM CEST 2025] Aucune tâche à réinitialiser
[Sat Oct  4 08:29:58 PM CEST 2025] Vérification en cours (NOW=1759602598)
[Sat Oct  4 08:29:58 PM CEST 2025] Tâches candidates :
[Sat Oct  4 08:29:58 PM CEST 2025] Aucune tâche à réinitialiser
[Sat Oct  4 08:30:04 PM CEST 2025] Vérification en cours (NOW=1759602604)
[Sat Oct  4 08:30:04 PM CEST 2025] Tâches candidates :
[Sat Oct  4 08:30:04 PM CEST 2025] Aucune tâche à réinitialiser
[Sat Oct  4 08:30:04 PM CEST 2025] Vérification en cours (NOW=1759602604)
[Sat Oct  4 08:30:04 PM CEST 2025] Tâches candidates :
[Sat Oct  4 08:30:04 PM CEST 2025] Aucune tâche à réinitialiser
[Sat Oct  4 08:30:12 PM CEST 2025] Vérification en cours (NOW=1759602612)
[Sat Oct  4 08:30:12 PM CEST 2025] Tâches candidates :
[Sat Oct  4 08:30:12 PM CEST 2025] Aucune tâche à réinitialiser
[Sat Oct  4 08:30:18 PM CEST 2025] Vérification en cours (NOW=1759602618)
[Sat Oct  4 08:30:18 PM CEST 2025] Tâches candidates :
[Sat Oct  4 08:30:18 PM CEST 2025] Aucune tâche à réinitialiser
[Sat Oct  4 08:30:24 PM CEST 2025] Vérification en cours (NOW=1759602624)
[Sat Oct  4 08:30:24 PM CEST 2025] Tâches candidates :
[Sat Oct  4 08:30:24 PM CEST 2025] Aucune tâche à réinitialiser
[Sat Oct  4 08:30:24 PM CEST 2025] Vérification en cours (NOW=1759602624)
[Sat Oct  4 08:30:24 PM CEST 2025] Tâches candidates :
[Sat Oct  4 08:30:24 PM CEST 2025] Aucune tâche à réinitialiser
[Sat Oct  4 08:30:32 PM CEST 2025] Vérification en cours (NOW=1759602632)
[Sat Oct  4 08:30:32 PM CEST 2025] Tâches candidates :
[Sat Oct  4 08:30:32 PM CEST 2025] Aucune tâche à réinitialiser
[Sat Oct  4 08:30:38 PM CEST 2025] Vérification en cours (NOW=1759602638)
[Sat Oct  4 08:30:38 PM CEST 2025] Tâches candidates :
[Sat Oct  4 08:30:38 PM CEST 2025] Aucune tâche à réinitialiser
[Sat Oct  4 08:30:44 PM CEST 2025] Vérification en cours (NOW=1759602644)
[Sat Oct  4 08:30:44 PM CEST 2025] Tâches candidates :
[Sat Oct  4 08:30:44 PM CEST 2025] Aucune tâche à réinitialiser
[Sat Oct  4 08:30:44 PM CEST 2025] Vérification en cours (NOW=1759602644)
[Sat Oct  4 08:30:44 PM CEST 2025] Tâches candidates :
[Sat Oct  4 08:30:44 PM CEST 2025] Aucune tâche à réinitialiser
[Sat Oct  4 08:30:52 PM CEST 2025] Vérification en cours (NOW=1759602652)
[Sat Oct  4 08:30:52 PM CEST 2025] Tâches candidates :
[Sat Oct  4 08:30:52 PM CEST 2025] Aucune tâche à réinitialiser
[Sat Oct  4 08:30:58 PM CEST 2025] Vérification en cours (NOW=1759602658)
[Sat Oct  4 08:30:58 PM CEST 2025] Tâches candidates :
[Sat Oct  4 08:30:58 PM CEST 2025] Aucune tâche à réinitialiser
[Sat Oct  4 08:31:04 PM CEST 2025] Vérification en cours (NOW=1759602664)
[Sat Oct  4 08:31:04 PM CEST 2025] Tâches candidates :
[Sat Oct  4 08:31:04 PM CEST 2025] Aucune tâche à réinitialiser
[Sat Oct  4 08:31:04 PM CEST 2025] Vérification en cours (NOW=1759602664)
[Sat Oct  4 08:31:04 PM CEST 2025] Tâches candidates :
[Sat Oct  4 08:31:04 PM CEST 2025] Aucune tâche à réinitialiser
[Sat Oct  4 08:31:12 PM CEST 2025] Vérification en cours (NOW=1759602672)
[Sat Oct  4 08:31:12 PM CEST 2025] Tâches candidates :
[Sat Oct  4 08:31:12 PM CEST 2025] Aucune tâche à réinitialiser
[Sat Oct  4 08:31:18 PM CEST 2025] Vérification en cours (NOW=1759602678)
[Sat Oct  4 08:31:18 PM CEST 2025] Tâches candidates :
[Sat Oct  4 08:31:18 PM CEST 2025] Aucune tâche à réinitialiser
[Sat Oct  4 08:31:24 PM CEST 2025] Vérification en cours (NOW=1759602684)
[Sat Oct  4 08:31:24 PM CEST 2025] Tâches candidates :
[Sat Oct  4 08:31:24 PM CEST 2025] Aucune tâche à réinitialiser
[Sat Oct  4 08:31:24 PM CEST 2025] Vérification en cours (NOW=1759602684)
[Sat Oct  4 08:31:24 PM CEST 2025] Tâches candidates :
[Sat Oct  4 08:31:24 PM CEST 2025] Aucune tâche à réinitialiser
[Sat Oct  4 08:31:32 PM CEST 2025] Vérification en cours (NOW=1759602692)
[Sat Oct  4 08:31:32 PM CEST 2025] Tâches candidates :
[Sat Oct  4 08:31:32 PM CEST 2025] Aucune tâche à réinitialiser
[Sat Oct  4 08:31:34 PM CEST 2025] Vérification en cours (NOW=1759602694)
[Sat Oct  4 08:31:34 PM CEST 2025] Tâches candidates :
[Sat Oct  4 08:31:34 PM CEST 2025] Aucune tâche à réinitialiser
[Sat Oct  4 08:31:38 PM CEST 2025] Vérification en cours (NOW=1759602698)
[Sat Oct  4 08:31:38 PM CEST 2025] Tâches candidates :
[Sat Oct  4 08:31:38 PM CEST 2025] Aucune tâche à réinitialiser
[Sat Oct  4 08:31:44 PM CEST 2025] Vérification en cours (NOW=1759602704)
[Sat Oct  4 08:31:44 PM CEST 2025] Tâches candidates :
[Sat Oct  4 08:31:44 PM CEST 2025] Aucune tâche à réinitialiser
[Sat Oct  4 08:31:44 PM CEST 2025] Vérification en cours (NOW=1759602704)
[Sat Oct  4 08:31:44 PM CEST 2025] Tâches candidates :
[Sat Oct  4 08:31:44 PM CEST 2025] Aucune tâche à réinitialiser
[Sat Oct  4 08:31:52 PM CEST 2025] Vérification en cours (NOW=1759602712)
[Sat Oct  4 08:31:52 PM CEST 2025] Tâches candidates :
[Sat Oct  4 08:31:52 PM CEST 2025] Aucune tâche à réinitialiser
[Sat Oct  4 08:31:54 PM CEST 2025] Vérification en cours (NOW=1759602714)
[Sat Oct  4 08:31:54 PM CEST 2025] Tâches candidates :
[Sat Oct  4 08:31:54 PM CEST 2025] Aucune tâche à réinitialiser
[Sat Oct  4 08:31:58 PM CEST 2025] Vérification en cours (NOW=1759602718)
[Sat Oct  4 08:31:58 PM CEST 2025] Tâches candidates :
[Sat Oct  4 08:31:58 PM CEST 2025] Aucune tâche à réinitialiser
[Sat Oct  4 08:32:04 PM CEST 2025] Vérification en cours (NOW=1759602724)
[Sat Oct  4 08:32:04 PM CEST 2025] Tâches candidates :
[Sat Oct  4 08:32:04 PM CEST 2025] Aucune tâche à réinitialiser
[Sat Oct  4 08:32:04 PM CEST 2025] Vérification en cours (NOW=1759602724)
[Sat Oct  4 08:32:04 PM CEST 2025] Tâches candidates :
[Sat Oct  4 08:32:04 PM CEST 2025] Aucune tâche à réinitialiser
[Sat Oct  4 08:32:12 PM CEST 2025] Vérification en cours (NOW=1759602732)
[Sat Oct  4 08:32:12 PM CEST 2025] Tâches candidates :
[Sat Oct  4 08:32:12 PM CEST 2025] Aucune tâche à réinitialiser
[Sat Oct  4 08:32:14 PM CEST 2025] Vérification en cours (NOW=1759602734)
[Sat Oct  4 08:32:14 PM CEST 2025] Tâches candidates :
[Sat Oct  4 08:32:14 PM CEST 2025] Aucune tâche à réinitialiser
[Sat Oct  4 08:32:18 PM CEST 2025] Vérification en cours (NOW=1759602738)
[Sat Oct  4 08:32:18 PM CEST 2025] Tâches candidates :
[Sat Oct  4 08:32:18 PM CEST 2025] Aucune tâche à réinitialiser
[Sat Oct  4 08:32:24 PM CEST 2025] Vérification en cours (NOW=1759602744)
[Sat Oct  4 08:32:24 PM CEST 2025] Tâches candidates :
[Sat Oct  4 08:32:24 PM CEST 2025] Aucune tâche à réinitialiser
[Sat Oct  4 08:32:24 PM CEST 2025] Vérification en cours (NOW=1759602744)
[Sat Oct  4 08:32:24 PM CEST 2025] Tâches candidates :
[Sat Oct  4 08:32:24 PM CEST 2025] Aucune tâche à réinitialiser
[Sat Oct  4 08:32:32 PM CEST 2025] Vérification en cours (NOW=1759602752)
[Sat Oct  4 08:32:32 PM CEST 2025] Tâches candidates :
[Sat Oct  4 08:32:32 PM CEST 2025] Aucune tâche à réinitialiser
[Sat Oct  4 08:32:34 PM CEST 2025] Vérification en cours (NOW=1759602754)
[Sat Oct  4 08:32:34 PM CEST 2025] Tâches candidates :
[Sat Oct  4 08:32:34 PM CEST 2025] Aucune tâche à réinitialiser
[Sat Oct  4 08:32:38 PM CEST 2025] Vérification en cours (NOW=1759602758)
[Sat Oct  4 08:32:38 PM CEST 2025] Tâches candidates :
[Sat Oct  4 08:32:38 PM CEST 2025] Aucune tâche à réinitialiser
[Sat Oct  4 08:32:44 PM CEST 2025] Vérification en cours (NOW=1759602764)
[Sat Oct  4 08:32:44 PM CEST 2025] Tâches candidates :
[Sat Oct  4 08:32:44 PM CEST 2025] Aucune tâche à réinitialiser
[Sat Oct  4 08:32:44 PM CEST 2025] Vérification en cours (NOW=1759602764)
[Sat Oct  4 08:32:44 PM CEST 2025] Tâches candidates :
[Sat Oct  4 08:32:44 PM CEST 2025] Aucune tâche à réinitialiser
[Sat Oct  4 08:32:52 PM CEST 2025] Vérification en cours (NOW=1759602772)
[Sat Oct  4 08:32:52 PM CEST 2025] Tâches candidates :
[Sat Oct  4 08:32:52 PM CEST 2025] Aucune tâche à réinitialiser
[Sat Oct  4 08:32:54 PM CEST 2025] Vérification en cours (NOW=1759602774)
[Sat Oct  4 08:32:54 PM CEST 2025] Tâches candidates :
[Sat Oct  4 08:32:54 PM CEST 2025] Aucune tâche à réinitialiser
[Sat Oct  4 08:32:58 PM CEST 2025] Vérification en cours (NOW=1759602778)
[Sat Oct  4 08:32:58 PM CEST 2025] Tâches candidates :
[Sat Oct  4 08:32:58 PM CEST 2025] Aucune tâche à réinitialiser
[Sat Oct  4 08:33:04 PM CEST 2025] Vérification en cours (NOW=1759602784)
[Sat Oct  4 08:33:04 PM CEST 2025] Tâches candidates :
[Sat Oct  4 08:33:04 PM CEST 2025] Aucune tâche à réinitialiser
[Sat Oct  4 08:33:04 PM CEST 2025] Vérification en cours (NOW=1759602784)
[Sat Oct  4 08:33:04 PM CEST 2025] Tâches candidates :
[Sat Oct  4 08:33:04 PM CEST 2025] Aucune tâche à réinitialiser
[Sat Oct  4 08:33:12 PM CEST 2025] Vérification en cours (NOW=1759602792)
[Sat Oct  4 08:33:12 PM CEST 2025] Tâches candidates :
[Sat Oct  4 08:33:12 PM CEST 2025] Aucune tâche à réinitialiser
[Sat Oct  4 08:33:14 PM CEST 2025] Vérification en cours (NOW=1759602794)
[Sat Oct  4 08:33:14 PM CEST 2025] Tâches candidates :
[Sat Oct  4 08:33:14 PM CEST 2025] Aucune tâche à réinitialiser
[Sat Oct  4 08:33:18 PM CEST 2025] Vérification en cours (NOW=1759602798)
[Sat Oct  4 08:33:18 PM CEST 2025] Tâches candidates :
[Sat Oct  4 08:33:18 PM CEST 2025] Aucune tâche à réinitialiser
[Sat Oct  4 08:33:24 PM CEST 2025] Vérification en cours (NOW=1759602804)
[Sat Oct  4 08:33:24 PM CEST 2025] Tâches candidates :
[Sat Oct  4 08:33:24 PM CEST 2025] Aucune tâche à réinitialiser
[Sat Oct  4 08:33:24 PM CEST 2025] Vérification en cours (NOW=1759602804)
[Sat Oct  4 08:33:24 PM CEST 2025] Tâches candidates :
[Sat Oct  4 08:33:24 PM CEST 2025] Aucune tâche à réinitialiser
[Sat Oct  4 08:33:32 PM CEST 2025] Vérification en cours (NOW=1759602812)
[Sat Oct  4 08:33:32 PM CEST 2025] Tâches candidates :
[Sat Oct  4 08:33:32 PM CEST 2025] Aucune tâche à réinitialiser
[Sat Oct  4 08:33:34 PM CEST 2025] Vérification en cours (NOW=1759602814)
[Sat Oct  4 08:33:34 PM CEST 2025] Tâches candidates :
[Sat Oct  4 08:33:34 PM CEST 2025] Aucune tâche à réinitialiser
[Sat Oct  4 08:33:38 PM CEST 2025] Vérification en cours (NOW=1759602818)
[Sat Oct  4 08:33:38 PM CEST 2025] Tâches candidates :
[Sat Oct  4 08:33:38 PM CEST 2025] Aucune tâche à réinitialiser
[Sat Oct  4 08:33:44 PM CEST 2025] Vérification en cours (NOW=1759602824)
[Sat Oct  4 08:33:44 PM CEST 2025] Tâches candidates :
[Sat Oct  4 08:33:44 PM CEST 2025] Aucune tâche à réinitialiser
[Sat Oct  4 08:33:44 PM CEST 2025] Vérification en cours (NOW=1759602824)
[Sat Oct  4 08:33:44 PM CEST 2025] Tâches candidates :
[Sat Oct  4 08:33:44 PM CEST 2025] Aucune tâche à réinitialiser
[Sat Oct  4 08:33:52 PM CEST 2025] Vérification en cours (NOW=1759602832)
[Sat Oct  4 08:33:52 PM CEST 2025] Tâches candidates :
[Sat Oct  4 08:33:52 PM CEST 2025] Aucune tâche à réinitialiser
[Sat Oct  4 08:33:54 PM CEST 2025] Vérification en cours (NOW=1759602834)
[Sat Oct  4 08:33:54 PM CEST 2025] Tâches candidates :
[Sat Oct  4 08:33:54 PM CEST 2025] Aucune tâche à réinitialiser
[Sat Oct  4 08:33:58 PM CEST 2025] Vérification en cours (NOW=1759602838)
[Sat Oct  4 08:33:58 PM CEST 2025] Tâches candidates :
[Sat Oct  4 08:33:58 PM CEST 2025] Aucune tâche à réinitialiser
[Sat Oct  4 08:34:04 PM CEST 2025] Vérification en cours (NOW=1759602844)
[Sat Oct  4 08:34:04 PM CEST 2025] Tâches candidates :
[Sat Oct  4 08:34:04 PM CEST 2025] Aucune tâche à réinitialiser
[Sat Oct  4 08:34:04 PM CEST 2025] Vérification en cours (NOW=1759602844)
[Sat Oct  4 08:34:04 PM CEST 2025] Tâches candidates :
[Sat Oct  4 08:34:04 PM CEST 2025] Aucune tâche à réinitialiser
[Sat Oct  4 08:34:12 PM CEST 2025] Vérification en cours (NOW=1759602852)
[Sat Oct  4 08:34:12 PM CEST 2025] Tâches candidates :
[Sat Oct  4 08:34:12 PM CEST 2025] Aucune tâche à réinitialiser
[Sat Oct  4 08:34:14 PM CEST 2025] Vérification en cours (NOW=1759602854)
[Sat Oct  4 08:34:15 PM CEST 2025] Tâches candidates :
[Sat Oct  4 08:34:15 PM CEST 2025] Aucune tâche à réinitialiser
[Sat Oct  4 08:34:18 PM CEST 2025] Vérification en cours (NOW=1759602858)
[Sat Oct  4 08:34:18 PM CEST 2025] Tâches candidates :
[Sat Oct  4 08:34:18 PM CEST 2025] Aucune tâche à réinitialiser
[Sat Oct  4 08:34:24 PM CEST 2025] Vérification en cours (NOW=1759602864)
[Sat Oct  4 08:34:24 PM CEST 2025] Tâches candidates :
[Sat Oct  4 08:34:24 PM CEST 2025] Aucune tâche à réinitialiser
[Sat Oct  4 08:34:24 PM CEST 2025] Vérification en cours (NOW=1759602864)
[Sat Oct  4 08:34:24 PM CEST 2025] Tâches candidates :
[Sat Oct  4 08:34:24 PM CEST 2025] Aucune tâche à réinitialiser
[Sat Oct  4 08:34:32 PM CEST 2025] Vérification en cours (NOW=1759602872)
[Sat Oct  4 08:34:32 PM CEST 2025] Tâches candidates :
[Sat Oct  4 08:34:32 PM CEST 2025] Aucune tâche à réinitialiser
[Sat Oct  4 08:34:35 PM CEST 2025] Vérification en cours (NOW=1759602875)
[Sat Oct  4 08:34:35 PM CEST 2025] Tâches candidates :
[Sat Oct  4 08:34:35 PM CEST 2025] Aucune tâche à réinitialiser
[Sat Oct  4 08:34:38 PM CEST 2025] Vérification en cours (NOW=1759602878)
[Sat Oct  4 08:34:38 PM CEST 2025] Tâches candidates :
[Sat Oct  4 08:34:38 PM CEST 2025] Aucune tâche à réinitialiser
[Sat Oct  4 08:34:44 PM CEST 2025] Vérification en cours (NOW=1759602884)
[Sat Oct  4 08:34:44 PM CEST 2025] Tâches candidates :
[Sat Oct  4 08:34:44 PM CEST 2025] Aucune tâche à réinitialiser
[Sat Oct  4 08:34:44 PM CEST 2025] Vérification en cours (NOW=1759602884)
[Sat Oct  4 08:34:44 PM CEST 2025] Tâches candidates :
[Sat Oct  4 08:34:44 PM CEST 2025] Aucune tâche à réinitialiser
[Sat Oct  4 08:34:52 PM CEST 2025] Vérification en cours (NOW=1759602892)
[Sat Oct  4 08:34:52 PM CEST 2025] Tâches candidates :
[Sat Oct  4 08:34:52 PM CEST 2025] Aucune tâche à réinitialiser
[Sat Oct  4 08:34:55 PM CEST 2025] Vérification en cours (NOW=1759602895)
[Sat Oct  4 08:34:55 PM CEST 2025] Tâches candidates :
[Sat Oct  4 08:34:55 PM CEST 2025] Aucune tâche à réinitialiser
[Sat Oct  4 08:34:58 PM CEST 2025] Vérification en cours (NOW=1759602898)
[Sat Oct  4 08:34:58 PM CEST 2025] Tâches candidates :
[Sat Oct  4 08:34:58 PM CEST 2025] Aucune tâche à réinitialiser
[Sat Oct  4 08:35:04 PM CEST 2025] Vérification en cours (NOW=1759602904)
[Sat Oct  4 08:35:04 PM CEST 2025] Tâches candidates :
[Sat Oct  4 08:35:04 PM CEST 2025] Aucune tâche à réinitialiser
[Sat Oct  4 08:35:04 PM CEST 2025] Vérification en cours (NOW=1759602904)
[Sat Oct  4 08:35:04 PM CEST 2025] Tâches candidates :
[Sat Oct  4 08:35:04 PM CEST 2025] Aucune tâche à réinitialiser
[Sat Oct  4 08:35:12 PM CEST 2025] Vérification en cours (NOW=1759602912)
[Sat Oct  4 08:35:12 PM CEST 2025] Tâches candidates :
[Sat Oct  4 08:35:12 PM CEST 2025] Aucune tâche à réinitialiser
[Sat Oct  4 08:35:15 PM CEST 2025] Vérification en cours (NOW=1759602915)
[Sat Oct  4 08:35:15 PM CEST 2025] Tâches candidates :
[Sat Oct  4 08:35:15 PM CEST 2025] Aucune tâche à réinitialiser
[Sat Oct  4 08:35:18 PM CEST 2025] Vérification en cours (NOW=1759602918)
[Sat Oct  4 08:35:18 PM CEST 2025] Tâches candidates :
[Sat Oct  4 08:35:18 PM CEST 2025] Aucune tâche à réinitialiser
[Sat Oct  4 08:35:24 PM CEST 2025] Vérification en cours (NOW=1759602924)
[Sat Oct  4 08:35:24 PM CEST 2025] Tâches candidates :
[Sat Oct  4 08:35:24 PM CEST 2025] Aucune tâche à réinitialiser
[Sat Oct  4 08:35:24 PM CEST 2025] Vérification en cours (NOW=1759602924)
[Sat Oct  4 08:35:24 PM CEST 2025] Tâches candidates :
[Sat Oct  4 08:35:24 PM CEST 2025] Aucune tâche à réinitialiser
[Sat Oct  4 08:35:43 PM CEST 2025] Vérification en cours (NOW=1759602943)
[Sat Oct  4 08:35:43 PM CEST 2025] Tâches candidates :
[Sat Oct  4 08:35:43 PM CEST 2025] Aucune tâche à réinitialiser
[Sat Oct  4 08:35:43 PM CEST 2025] Vérification en cours (NOW=1759602943)
[Sat Oct  4 08:35:43 PM CEST 2025] Tâches candidates :
[Sat Oct  4 08:35:43 PM CEST 2025] Aucune tâche à réinitialiser
[Sat Oct  4 08:36:03 PM CEST 2025] Vérification en cours (NOW=1759602963)
[Sat Oct  4 08:36:03 PM CEST 2025] Tâches candidates :
[Sat Oct  4 08:36:03 PM CEST 2025] Aucune tâche à réinitialiser
[Sat Oct  4 08:36:03 PM CEST 2025] Vérification en cours (NOW=1759602963)
[Sat Oct  4 08:36:03 PM CEST 2025] Tâches candidates :
[Sat Oct  4 08:36:03 PM CEST 2025] Aucune tâche à réinitialiser
[Sat Oct  4 08:36:23 PM CEST 2025] Vérification en cours (NOW=1759602983)
[Sat Oct  4 08:36:23 PM CEST 2025] Tâches candidates :
[Sat Oct  4 08:36:23 PM CEST 2025] Aucune tâche à réinitialiser
[Sat Oct  4 08:36:23 PM CEST 2025] Vérification en cours (NOW=1759602983)
[Sat Oct  4 08:36:23 PM CEST 2025] Tâches candidates :
[Sat Oct  4 08:36:23 PM CEST 2025] Aucune tâche à réinitialiser
[Sat Oct  4 08:36:43 PM CEST 2025] Vérification en cours (NOW=1759603003)
[Sat Oct  4 08:36:43 PM CEST 2025] Tâches candidates :
4bb62066-ba8f-46b6-8df4-e53ef8bd521d,1759602928
[Sat Oct  4 08:36:43 PM CEST 2025] Tâche 4bb62066-ba8f-46b6-8df4-e53ef8bd521d réinitialisée (age=75 s)
[Sat Oct  4 08:36:43 PM CEST 2025] Vérification en cours (NOW=1759603003)
[Sat Oct  4 08:36:43 PM CEST 2025] Tâches candidates :
[Sat Oct  4 08:36:43 PM CEST 2025] Aucune tâche à réinitialiser
[Sat Oct  4 08:37:03 PM CEST 2025] Vérification en cours (NOW=1759603023)
[Sat Oct  4 08:37:03 PM CEST 2025] Tâches candidates :
[Sat Oct  4 08:37:03 PM CEST 2025] Aucune tâche à réinitialiser
[Sat Oct  4 08:37:03 PM CEST 2025] Vérification en cours (NOW=1759603023)
[Sat Oct  4 08:37:03 PM CEST 2025] Tâches candidates :
[Sat Oct  4 08:37:03 PM CEST 2025] Aucune tâche à réinitialiser
[Sat Oct  4 08:37:23 PM CEST 2025] Vérification en cours (NOW=1759603043)
[Sat Oct  4 08:37:23 PM CEST 2025] Tâches candidates :
[Sat Oct  4 08:37:23 PM CEST 2025] Aucune tâche à réinitialiser
[Sat Oct  4 08:37:23 PM CEST 2025] Vérification en cours (NOW=1759603043)
[Sat Oct  4 08:37:23 PM CEST 2025] Tâches candidates :
[Sat Oct  4 08:37:23 PM CEST 2025] Aucune tâche à réinitialiser
